#
# There is insufficient memory for the Java Runtime Environment to continue.
# Native memory allocation (mmap) failed to map 59244544 bytes for committing reserved memory.
# Possible reasons:
#   The system is out of physical RAM or swap space
#   In 32 bit mode, the process size limit was hit
# Possible solutions:
#   Reduce memory load on the system
#   Increase physical memory or swap space
#   Check if swap backing store is full
#   Use 64 bit Java on a 64 bit OS
#   Decrease Java heap size (-Xmx/-Xms)
#   Decrease number of Java threads
#   Decrease Java thread stack sizes (-Xss)
#   Set larger code cache with -XX:ReservedCodeCacheSize=
# This output file may be truncated or incomplete.
#
#  Out of Memory Error (os_linux.cpp:2640), pid=19882, tid=0x00007fa7986c0700
#
# JRE version: Java(TM) SE Runtime Environment (8.0_151-b12) (build 1.8.0_151-b12)
# Java VM: Java HotSpot(TM) 64-Bit Server VM (25.151-b12 mixed mode linux-amd64 compressed oops)
# Failed to write core dump. Core dumps have been disabled. To enable core dumping, try "ulimit -c unlimited" before starting Java again
#

---------------  T H R E A D  ---------------

Current thread (0x00007fa7b0077800):  VMThread [stack: 0x00007fa7985c0000,0x00007fa7986c1000] [id=19894]

Stack: [0x00007fa7985c0000,0x00007fa7986c1000],  sp=0x00007fa7986bf020,  free space=1020k
Native frames: (J=compiled Java code, j=interpreted, Vv=VM code, C=native code)
V  [libjvm.so+0xacb58a]  VMError::report_and_die()+0x2ba
V  [libjvm.so+0x4ff4ab]  report_vm_out_of_memory(char const*, int, unsigned long, VMErrorType, char const*)+0x8b
V  [libjvm.so+0x928113]  os::Linux::commit_memory_impl(char*, unsigned long, bool)+0x103
V  [libjvm.so+0x928669]  os::pd_commit_memory(char*, unsigned long, unsigned long, bool)+0x29
V  [libjvm.so+0x92288a]  os::commit_memory(char*, unsigned long, unsigned long, bool)+0x2a
V  [libjvm.so+0x9973e3]  PSVirtualSpace::expand_by(unsigned long)+0x53
V  [libjvm.so+0x9987e8]  PSYoungGen::resize_generation(unsigned long, unsigned long)+0xf8
V  [libjvm.so+0x997942]  PSYoungGen::resize(unsigned long, unsigned long)+0x22
V  [libjvm.so+0x994c1b]  PSScavenge::invoke_no_policy()+0xf3b
V  [libjvm.so+0x9953a1]  PSScavenge::invoke()+0x41
V  [libjvm.so+0x94c0d0]  ParallelScavengeHeap::failed_mem_allocate(unsigned long)+0x70
V  [libjvm.so+0xaccfa7]  VM_ParallelGCFailedAllocation::doit()+0x97
V  [libjvm.so+0xad4a85]  VM_Operation::evaluate()+0x55
V  [libjvm.so+0xad2e5a]  VMThread::evaluate_operation(VM_Operation*)+0xba
V  [libjvm.so+0xad31de]  VMThread::loop()+0x1ce
V  [libjvm.so+0xad3650]  VMThread::run()+0x70
V  [libjvm.so+0x92a728]  java_start(Thread*)+0x108

VM_Operation (0x00007fa7b6c23d40): ParallelGCFailedAllocation, mode: safepoint, requested by thread 0x00007fa7b0009800


---------------  P R O C E S S  ---------------

Java Threads: ( => current thread )
  0x00007fa7b1e91000 JavaThread "pool-3-thread-4" [_thread_blocked, id=19948, stack(0x00007fa753cfd000,0x00007fa753dfe000)]
  0x00007fa7b1e8f000 JavaThread "pool-3-thread-3" [_thread_blocked, id=19947, stack(0x00007fa753dfe000,0x00007fa753eff000)]
  0x00007fa7b1e8e000 JavaThread "pool-3-thread-2" [_thread_blocked, id=19946, stack(0x00007fa753eff000,0x00007fa754000000)]
  0x00007fa7b1e8d800 JavaThread "pool-3-thread-1" [_thread_blocked, id=19945, stack(0x00007fa760068000,0x00007fa760169000)]
  0x00007fa7b1da5000 JavaThread "File lock request listener" [_thread_in_native, id=19906, stack(0x00007fa761ee4000,0x00007fa761fe5000)]
  0x00007fa7b1089000 JavaThread "pool-1-thread-1" [_thread_blocked, id=19903, stack(0x00007fa762661000,0x00007fa762762000)]
  0x00007fa7b00d3000 JavaThread "Service Thread" daemon [_thread_blocked, id=19901, stack(0x00007fa7936fd000,0x00007fa7937fe000)]
  0x00007fa7b00be000 JavaThread "C1 CompilerThread2" daemon [_thread_blocked, id=19900, stack(0x00007fa7937fe000,0x00007fa7938ff000)]
  0x00007fa7b00bc000 JavaThread "C2 CompilerThread1" daemon [_thread_blocked, id=19899, stack(0x00007fa7980bb000,0x00007fa7981bc000)]
  0x00007fa7b00b9000 JavaThread "C2 CompilerThread0" daemon [_thread_blocked, id=19898, stack(0x00007fa7981bc000,0x00007fa7982bd000)]
  0x00007fa7b00b7800 JavaThread "Signal Dispatcher" daemon [_thread_blocked, id=19897, stack(0x00007fa7982bd000,0x00007fa7983be000)]
  0x00007fa7b0083800 JavaThread "Finalizer" daemon [_thread_blocked, id=19896, stack(0x00007fa7983be000,0x00007fa7984bf000)]
  0x00007fa7b007f000 JavaThread "Reference Handler" daemon [_thread_blocked, id=19895, stack(0x00007fa7984bf000,0x00007fa7985c0000)]
  0x00007fa7b0009800 JavaThread "main" [_thread_blocked, id=19889, stack(0x00007fa7b6b2d000,0x00007fa7b6c2e000)]

Other Threads:
=>0x00007fa7b0077800 VMThread [stack: 0x00007fa7985c0000,0x00007fa7986c1000] [id=19894]
  0x00007fa7b00de000 WatcherThread [stack: 0x00007fa7935fc000,0x00007fa7936fd000] [id=19902]

VM state:at safepoint (normal execution)

VM Mutex/Monitor currently owned by a thread:  ([mutex/lock_event])
[0x00007fa7b0005f10] Threads_lock - owner thread: 0x00007fa7b0077800
[0x00007fa7b0006410] Heap_lock - owner thread: 0x00007fa7b0009800

Heap:
 PSYoungGen      total 220160K, used 15360K [0x00000000ebb80000, 0x00000000fa180000, 0x0000000100000000)
  eden space 204800K, 0% used [0x00000000ebb80000,0x00000000ebb80000,0x00000000f8380000)
  from space 15360K, 100% used [0x00000000f8380000,0x00000000f9280000,0x00000000f9280000)
  to   space 13824K, 0% used [0x00000000f9300000,0x00000000f9300000,0x00000000fa080000)
 ParOldGen       total 54272K, used 41133K [0x00000000c3200000, 0x00000000c6700000, 0x00000000ebb80000)
  object space 54272K, 75% used [0x00000000c3200000,0x00000000c5a2b668,0x00000000c6700000)
 Metaspace       used 54246K, capacity 55830K, committed 56064K, reserved 1097728K
  class space    used 7222K, capacity 7663K, committed 7680K, reserved 1048576K

Card table byte_map: [0x00007fa7a062a000,0x00007fa7a0812000] byte_map_base: 0x00007fa7a0011000

Marking Bits: (ParMarkBitMap*) 0x00007fa7b5ffbf80
 Begin Bits: [0x00007fa79a190000, 0x00007fa79b0c8000)
 End Bits:   [0x00007fa79b0c8000, 0x00007fa79c000000)

Polling page: 0x00007fa7b6c4c000

CodeCache: size=245760Kb used=25181Kb max_used=25202Kb free=220578Kb
 bounds [0x00007fa7a0bd2000, 0x00007fa7a2492000, 0x00007fa7afbd2000]
 total_blobs=8249 nmethods=7521 adapters=640
 compilation: enabled

Compilation events (10 events):
Event: 258,548 Thread 0x00007fa7b00be000 8580       3       javax.xml.parsers.SecuritySupport$1::<init> (10 bytes)
Event: 258,548 Thread 0x00007fa7b00be000 nmethod 8580 0x00007fa7a2476490 code [0x00007fa7a2476600, 0x00007fa7a24767d0]
Event: 258,620 Thread 0x00007fa7b00be000 8583   !   3       com.android.utils.PositionXmlParser::getXmlString (589 bytes)
Event: 258,706 Thread 0x00007fa7b00be000 nmethod 8583 0x00007fa7a2482210 code [0x00007fa7a24825a0, 0x00007fa7a2484898]
Event: 258,740 Thread 0x00007fa7b00bc000 nmethod 8575 0x00007fa7a247b310 code [0x00007fa7a247b480, 0x00007fa7a247b668]
Event: 258,748 Thread 0x00007fa7b00b9000 nmethod 8554 0x00007fa7a2486510 code [0x00007fa7a24866a0, 0x00007fa7a2486cf8]
Event: 258,757 Thread 0x00007fa7b00bc000 8542       4       com.sun.org.apache.xerces.internal.parsers.AbstractSAXParser$AttributesProxy::getURI (22 bytes)
Event: 259,262 Thread 0x00007fa7b00b9000 8509       4       java.util.EnumMap::get (29 bytes)
Event: 259,828 Thread 0x00007fa7b00b9000 nmethod 8509 0x00007fa7a24875d0 code [0x00007fa7a2487720, 0x00007fa7a2487858]
Event: 259,828 Thread 0x00007fa7b00bc000 nmethod 8542 0x00007fa7a2487090 code [0x00007fa7a2487200, 0x00007fa7a2487358]

GC Heap History (10 events):
Event: 9,233 GC heap after
Heap after GC invocations=12 (full 1):
 PSYoungGen      total 134144K, used 8181K [0x00000000ebb80000, 0x00000000f6e80000, 0x0000000100000000)
  eden space 125952K, 0% used [0x00000000ebb80000,0x00000000ebb80000,0x00000000f3680000)
  from space 8192K, 99% used [0x00000000f3680000,0x00000000f3e7d5d0,0x00000000f3e80000)
  to   space 10240K, 0% used [0x00000000f6480000,0x00000000f6480000,0x00000000f6e80000)
 ParOldGen       total 38400K, used 13825K [0x00000000c3200000, 0x00000000c5780000, 0x00000000ebb80000)
  object space 38400K, 36% used [0x00000000c3200000,0x00000000c3f80598,0x00000000c5780000)
 Metaspace       used 34356K, capacity 34958K, committed 35328K, reserved 1079296K
  class space    used 4622K, capacity 4846K, committed 4864K, reserved 1048576K
}
Event: 9,685 GC heap before
{Heap before GC invocations=13 (full 1):
 PSYoungGen      total 134144K, used 20762K [0x00000000ebb80000, 0x00000000f6e80000, 0x0000000100000000)
  eden space 125952K, 9% used [0x00000000ebb80000,0x00000000ec7c9498,0x00000000f3680000)
  from space 8192K, 99% used [0x00000000f3680000,0x00000000f3e7d5d0,0x00000000f3e80000)
  to   space 10240K, 0% used [0x00000000f6480000,0x00000000f6480000,0x00000000f6e80000)
 ParOldGen       total 38400K, used 13825K [0x00000000c3200000, 0x00000000c5780000, 0x00000000ebb80000)
  object space 38400K, 36% used [0x00000000c3200000,0x00000000c3f80598,0x00000000c5780000)
 Metaspace       used 34656K, capacity 35214K, committed 35416K, reserved 1079296K
  class space    used 4667K, capacity 4846K, committed 4864K, reserved 1048576K
Event: 9,715 GC heap after
Heap after GC invocations=13 (full 1):
 PSYoungGen      total 173056K, used 3165K [0x00000000ebb80000, 0x00000000f7780000, 0x0000000100000000)
  eden space 162816K, 0% used [0x00000000ebb80000,0x00000000ebb80000,0x00000000f5a80000)
  from space 10240K, 30% used [0x00000000f6480000,0x00000000f6797718,0x00000000f6e80000)
  to   space 10240K, 0% used [0x00000000f5a80000,0x00000000f5a80000,0x00000000f6480000)
 ParOldGen       total 38400K, used 16570K [0x00000000c3200000, 0x00000000c5780000, 0x00000000ebb80000)
  object space 38400K, 43% used [0x00000000c3200000,0x00000000c422e870,0x00000000c5780000)
 Metaspace       used 34656K, capacity 35214K, committed 35416K, reserved 1079296K
  class space    used 4667K, capacity 4846K, committed 4864K, reserved 1048576K
}
Event: 9,716 GC heap before
{Heap before GC invocations=14 (full 2):
 PSYoungGen      total 173056K, used 3165K [0x00000000ebb80000, 0x00000000f7780000, 0x0000000100000000)
  eden space 162816K, 0% used [0x00000000ebb80000,0x00000000ebb80000,0x00000000f5a80000)
  from space 10240K, 30% used [0x00000000f6480000,0x00000000f6797718,0x00000000f6e80000)
  to   space 10240K, 0% used [0x00000000f5a80000,0x00000000f5a80000,0x00000000f6480000)
 ParOldGen       total 38400K, used 16570K [0x00000000c3200000, 0x00000000c5780000, 0x00000000ebb80000)
  object space 38400K, 43% used [0x00000000c3200000,0x00000000c422e870,0x00000000c5780000)
 Metaspace       used 34656K, capacity 35214K, committed 35416K, reserved 1079296K
  class space    used 4667K, capacity 4846K, committed 4864K, reserved 1048576K
Event: 9,924 GC heap after
Heap after GC invocations=14 (full 2):
 PSYoungGen      total 173056K, used 0K [0x00000000ebb80000, 0x00000000f7780000, 0x0000000100000000)
  eden space 162816K, 0% used [0x00000000ebb80000,0x00000000ebb80000,0x00000000f5a80000)
  from space 10240K, 0% used [0x00000000f6480000,0x00000000f6480000,0x00000000f6e80000)
  to   space 10240K, 0% used [0x00000000f5a80000,0x00000000f5a80000,0x00000000f6480000)
 ParOldGen       total 54272K, used 14926K [0x00000000c3200000, 0x00000000c6700000, 0x00000000ebb80000)
  object space 54272K, 27% used [0x00000000c3200000,0x00000000c4093888,0x00000000c6700000)
 Metaspace       used 34600K, capacity 35094K, committed 35416K, reserved 1079296K
  class space    used 4652K, capacity 4806K, committed 4864K, reserved 1048576K
}
Event: 26,452 GC heap before
{Heap before GC invocations=15 (full 2):
 PSYoungGen      total 173056K, used 162816K [0x00000000ebb80000, 0x00000000f7780000, 0x0000000100000000)
  eden space 162816K, 100% used [0x00000000ebb80000,0x00000000f5a80000,0x00000000f5a80000)
  from space 10240K, 0% used [0x00000000f6480000,0x00000000f6480000,0x00000000f6e80000)
  to   space 10240K, 0% used [0x00000000f5a80000,0x00000000f5a80000,0x00000000f6480000)
 ParOldGen       total 54272K, used 14926K [0x00000000c3200000, 0x00000000c6700000, 0x00000000ebb80000)
  object space 54272K, 27% used [0x00000000c3200000,0x00000000c4093888,0x00000000c6700000)
 Metaspace       used 45968K, capacity 46840K, committed 47232K, reserved 1089536K
  class space    used 6158K, capacity 6442K, committed 6528K, reserved 1048576K
Event: 26,503 GC heap after
Heap after GC invocations=15 (full 2):
 PSYoungGen      total 173056K, used 10239K [0x00000000ebb80000, 0x00000000fa080000, 0x0000000100000000)
  eden space 162816K, 0% used [0x00000000ebb80000,0x00000000ebb80000,0x00000000f5a80000)
  from space 10240K, 99% used [0x00000000f5a80000,0x00000000f647fe30,0x00000000f6480000)
  to   space 13824K, 0% used [0x00000000f9300000,0x00000000f9300000,0x00000000fa080000)
 ParOldGen       total 54272K, used 20992K [0x00000000c3200000, 0x00000000c6700000, 0x00000000ebb80000)
  object space 54272K, 38% used [0x00000000c3200000,0x00000000c4680350,0x00000000c6700000)
 Metaspace       used 45968K, capacity 46840K, committed 47232K, reserved 1089536K
  class space    used 6158K, capacity 6442K, committed 6528K, reserved 1048576K
}
Event: 39,824 GC heap before
{Heap before GC invocations=16 (full 2):
 PSYoungGen      total 173056K, used 173055K [0x00000000ebb80000, 0x00000000fa080000, 0x0000000100000000)
  eden space 162816K, 100% used [0x00000000ebb80000,0x00000000f5a80000,0x00000000f5a80000)
  from space 10240K, 99% used [0x00000000f5a80000,0x00000000f647fe30,0x00000000f6480000)
  to   space 13824K, 0% used [0x00000000f9300000,0x00000000f9300000,0x00000000fa080000)
 ParOldGen       total 54272K, used 20992K [0x00000000c3200000, 0x00000000c6700000, 0x00000000ebb80000)
  object space 54272K, 38% used [0x00000000c3200000,0x00000000c4680350,0x00000000c6700000)
 Metaspace       used 50905K, capacity 52282K, committed 52608K, reserved 1095680K
  class space    used 6834K, capacity 7199K, committed 7296K, reserved 1048576K
Event: 40,099 GC heap after
Heap after GC invocations=16 (full 2):
 PSYoungGen      total 218624K, used 12108K [0x00000000ebb80000, 0x00000000fa180000, 0x0000000100000000)
  eden space 204800K, 0% used [0x00000000ebb80000,0x00000000ebb80000,0x00000000f8380000)
  from space 13824K, 87% used [0x00000000f9300000,0x00000000f9ed33e8,0x00000000fa080000)
  to   space 15360K, 0% used [0x00000000f8380000,0x00000000f8380000,0x00000000f9280000)
 ParOldGen       total 54272K, used 30996K [0x00000000c3200000, 0x00000000c6700000, 0x00000000ebb80000)
  object space 54272K, 57% used [0x00000000c3200000,0x00000000c5045130,0x00000000c6700000)
 Metaspace       used 50905K, capacity 52282K, committed 52608K, reserved 1095680K
  class space    used 6834K, capacity 7199K, committed 7296K, reserved 1048576K
}
Event: 263,092 GC heap before
{Heap before GC invocations=17 (full 2):
 PSYoungGen      total 218624K, used 216908K [0x00000000ebb80000, 0x00000000fa180000, 0x0000000100000000)
  eden space 204800K, 100% used [0x00000000ebb80000,0x00000000f8380000,0x00000000f8380000)
  from space 13824K, 87% used [0x00000000f9300000,0x00000000f9ed33e8,0x00000000fa080000)
  to   space 15360K, 0% used [0x00000000f8380000,0x00000000f8380000,0x00000000f9280000)
 ParOldGen       total 54272K, used 30996K [0x00000000c3200000, 0x00000000c6700000, 0x00000000ebb80000)
  object space 54272K, 57% used [0x00000000c3200000,0x00000000c5045130,0x00000000c6700000)
 Metaspace       used 54246K, capacity 55830K, committed 56064K, reserved 1097728K
  class space    used 7222K, capacity 7663K, committed 7680K, reserved 1048576K

Deoptimization events (10 events):
Event: 75,606 Thread 0x00007fa7b0009800 Uncommon trap: reason=bimorphic action=maybe_recompile pc=0x00007fa7a21e2f4c method=com.sun.org.apache.xerces.internal.impl.XMLEntityScanner.load(IZZ)Z @ 81
Event: 75,712 Thread 0x00007fa7b0009800 Uncommon trap: reason=unstable_if action=reinterpret pc=0x00007fa7a17d6200 method=java.lang.StringCoding.safeTrim([CILjava/nio/charset/Charset;Z)[C @ 3
Event: 75,745 Thread 0x00007fa7b0009800 Uncommon trap: reason=bimorphic action=maybe_recompile pc=0x00007fa7a21e2f4c method=com.sun.org.apache.xerces.internal.impl.XMLEntityScanner.load(IZZ)Z @ 81
Event: 75,765 Thread 0x00007fa7b0009800 Uncommon trap: reason=bimorphic action=maybe_recompile pc=0x00007fa7a21e2f4c method=com.sun.org.apache.xerces.internal.impl.XMLEntityScanner.load(IZZ)Z @ 81
Event: 76,023 Thread 0x00007fa7b0009800 Uncommon trap: reason=unstable_if action=reinterpret pc=0x00007fa7a17d4234 method=java.lang.Character.isSurrogate(C)Z @ 3
Event: 258,196 Thread 0x00007fa7b0009800 Uncommon trap: reason=unstable_if action=reinterpret pc=0x00007fa7a243b1a0 method=com.android.utils.PositionXmlParser$DomBuilder.findOpeningTag(Lcom/android/utils/PositionXmlParser$Position;)Lcom/android/utils/PositionXmlParser$Position; @ 59
Event: 258,206 Thread 0x00007fa7b0009800 Uncommon trap: reason=unstable_if action=reinterpret pc=0x00007fa7a1a82438 method=com.sun.org.apache.xerces.internal.impl.XMLEntityScanner.scanLiteral(ILcom/sun/org/apache/xerces/internal/xni/XMLString;Z)I @ 44
Event: 258,210 Thread 0x00007fa7b0009800 Uncommon trap: reason=unstable_if action=reinterpret pc=0x00007fa7a244b114 method=com.sun.org.apache.xerces.internal.impl.XMLEntityScanner.arrangeCapacity(IZ)Z @ 59
Event: 258,655 Thread 0x00007fa7b0009800 Uncommon trap: reason=unstable_if action=reinterpret pc=0x00007fa7a2360d04 method=com.sun.org.apache.xerces.internal.impl.XMLEntityScanner.scanQName(Lcom/sun/org/apache/xerces/internal/xni/QName;Lcom/sun/org/apache/xerces/internal/impl/XMLScanner$NameType
Event: 261,809 Thread 0x00007fa7b0009800 Uncommon trap: reason=unstable_if action=reinterpret pc=0x00007fa7a19d1ab8 method=java.util.regex.Pattern.append(II)V @ 6

Internal exceptions (10 events):
Event: 72,700 Thread 0x00007fa7b1e8d800 Exception <a 'sun/nio/fs/UnixException'> (0x00000000f5729fc0) thrown at [/HUDSON/workspace/8-2-build-linux-amd64/jdk8u151/9699/hotspot/src/share/vm/prims/jni.cpp, line 709]
Event: 72,700 Thread 0x00007fa7b1e8d800 Exception <a 'sun/nio/fs/UnixException'> (0x00000000f572a768) thrown at [/HUDSON/workspace/8-2-build-linux-amd64/jdk8u151/9699/hotspot/src/share/vm/prims/jni.cpp, line 709]
Event: 72,700 Thread 0x00007fa7b1e91000 Exception <a 'sun/nio/fs/UnixException'> (0x00000000f55d41d0) thrown at [/HUDSON/workspace/8-2-build-linux-amd64/jdk8u151/9699/hotspot/src/share/vm/prims/jni.cpp, line 709]
Event: 72,700 Thread 0x00007fa7b1e91000 Exception <a 'sun/nio/fs/UnixException'> (0x00000000f55d4970) thrown at [/HUDSON/workspace/8-2-build-linux-amd64/jdk8u151/9699/hotspot/src/share/vm/prims/jni.cpp, line 709]
Event: 72,705 Thread 0x00007fa7b1e8f000 Exception <a 'sun/nio/fs/UnixException'> (0x00000000f59d4718) thrown at [/HUDSON/workspace/8-2-build-linux-amd64/jdk8u151/9699/hotspot/src/share/vm/prims/jni.cpp, line 709]
Event: 72,705 Thread 0x00007fa7b1e8f000 Exception <a 'sun/nio/fs/UnixException'> (0x00000000f59d4eb0) thrown at [/HUDSON/workspace/8-2-build-linux-amd64/jdk8u151/9699/hotspot/src/share/vm/prims/jni.cpp, line 709]
Event: 72,706 Thread 0x00007fa7b1e8e000 Exception <a 'sun/nio/fs/UnixException'> (0x00000000f587f1e8) thrown at [/HUDSON/workspace/8-2-build-linux-amd64/jdk8u151/9699/hotspot/src/share/vm/prims/jni.cpp, line 709]
Event: 72,706 Thread 0x00007fa7b1e8e000 Exception <a 'sun/nio/fs/UnixException'> (0x00000000f587f980) thrown at [/HUDSON/workspace/8-2-build-linux-amd64/jdk8u151/9699/hotspot/src/share/vm/prims/jni.cpp, line 709]
Event: 72,707 Thread 0x00007fa7b1e91000 Exception <a 'sun/nio/fs/UnixException'> (0x00000000f55d55c0) thrown at [/HUDSON/workspace/8-2-build-linux-amd64/jdk8u151/9699/hotspot/src/share/vm/prims/jni.cpp, line 709]
Event: 72,707 Thread 0x00007fa7b1e91000 Exception <a 'sun/nio/fs/UnixException'> (0x00000000f55d5d70) thrown at [/HUDSON/workspace/8-2-build-linux-amd64/jdk8u151/9699/hotspot/src/share/vm/prims/jni.cpp, line 709]

Events (10 events):
Event: 262,237 loading class com/android/builder/internal/aapt/v1/AaptV1$PngProcessMode$1 done
Event: 262,528 loading class com/android/builder/internal/aapt/v1/AaptV1$PngProcessMode$2
Event: 262,532 loading class com/android/builder/internal/aapt/v1/AaptV1$PngProcessMode$2 done
Event: 262,591 loading class com/android/builder/internal/aapt/v1/AaptV1$PngProcessMode$3
Event: 262,591 loading class com/android/builder/internal/aapt/v1/AaptV1$PngProcessMode$3 done
Event: 262,616 loading class com/android/builder/internal/aapt/v1/AaptV1
Event: 262,616 loading class com/android/builder/internal/aapt/v1/AaptV1 done
Event: 262,630 loading class com/android/builder/internal/aapt/AbstractProcessExecutionAapt
Event: 262,630 loading class com/android/builder/internal/aapt/AbstractProcessExecutionAapt done
Event: 263,044 Executing VM operation: ParallelGCFailedAllocation


Dynamic libraries:
00400000-00401000 r-xp 00000000 08:01 3022902                            /usr/lib/jvm/java-8-oracle/bin/java
00600000-00601000 rw-p 00000000 08:01 3022902                            /usr/lib/jvm/java-8-oracle/bin/java
025bc000-025dd000 rw-p 00000000 00:00 0                                  [heap]
c3200000-c6700000 rw-p 00000000 00:00 0 
c6700000-ebb80000 ---p 00000000 00:00 0 
ebb80000-fa180000 rw-p 00000000 00:00 0 
fda00000-100000000 ---p 00000000 00:00 0 
100000000-100780000 rw-p 00000000 00:00 0 
100780000-140000000 ---p 00000000 00:00 0 
7fa73c000000-7fa73c021000 rw-p 00000000 00:00 0 
7fa73c021000-7fa740000000 ---p 00000000 00:00 0 
7fa744000000-7fa744021000 rw-p 00000000 00:00 0 
7fa744021000-7fa748000000 ---p 00000000 00:00 0 
7fa74c000000-7fa74c021000 rw-p 00000000 00:00 0 
7fa74c021000-7fa750000000 ---p 00000000 00:00 0 
7fa753cfd000-7fa753d00000 ---p 00000000 00:00 0 
7fa753d00000-7fa753dfe000 rw-p 00000000 00:00 0 
7fa753dfe000-7fa753e01000 ---p 00000000 00:00 0 
7fa753e01000-7fa753eff000 rw-p 00000000 00:00 0 
7fa753eff000-7fa753f02000 ---p 00000000 00:00 0 
7fa753f02000-7fa754000000 rw-p 00000000 00:00 0 
7fa754000000-7fa754021000 rw-p 00000000 00:00 0 
7fa754021000-7fa758000000 ---p 00000000 00:00 0 
7fa758000000-7fa758021000 rw-p 00000000 00:00 0 
7fa758021000-7fa75c000000 ---p 00000000 00:00 0 
7fa75c000000-7fa75c021000 rw-p 00000000 00:00 0 
7fa75c021000-7fa760000000 ---p 00000000 00:00 0 
7fa760068000-7fa76006b000 ---p 00000000 00:00 0 
7fa76006b000-7fa7602a9000 rw-p 00000000 00:00 0 
7fa7602a9000-7fa760369000 ---p 00000000 00:00 0 
7fa760369000-7fa760569000 rw-p 00000000 00:00 0 
7fa760569000-7fa760769000 rw-p 00000000 00:00 0 
7fa760769000-7fa760969000 rw-p 00000000 00:00 0 
7fa760969000-7fa760b69000 rw-p 00000000 00:00 0 
7fa760b69000-7fa760d69000 rw-p 00000000 00:00 0 
7fa760d69000-7fa760d7c000 r--s 00345000 08:01 3024398                    /usr/lib/jvm/java-8-oracle/jre/lib/resources.jar
7fa760d7c000-7fa760f7c000 rw-p 00000000 00:00 0 
7fa760f7c000-7fa76117c000 rw-p 00000000 00:00 0 
7fa76117c000-7fa76137c000 rw-p 00000000 00:00 0 
7fa76137c000-7fa76157c000 rw-p 00000000 00:00 0 
7fa76157c000-7fa76177c000 rw-p 00000000 00:00 0 
7fa76177c000-7fa76197c000 rw-p 00000000 00:00 0 
7fa76197c000-7fa7619a7000 r--s 001fc000 08:01 2368284                    /home/rin/.gradle/caches/modules-2/files-2.1/com.google.guava/guava/18.0/cce0823396aa693798f8882e64213b1772032b09/guava-18.0.jar
7fa7619a7000-7fa7619a8000 r--s 00001000 08:01 2368283                    /home/rin/.gradle/caches/modules-2/files-2.1/com.android.tools/annotations/25.2.3/a9970f79003cbf4aaaf26a5590aca7066f209347/annotations-25.2.3.jar
7fa7619a8000-7fa7619bb000 r--s 000b2000 08:01 2368282                    /home/rin/.gradle/caches/modules-2/files-2.1/com.android.tools.external.com-intellij/uast/145.597.4/6b430796bdb6563146affb34fb840c64e8d1d3b1/uast-145.597.4.jar
7fa7619bb000-7fa7619c3000 r--s 000a8000 08:01 2368281                    /home/rin/.gradle/caches/modules-2/files-2.1/com.android.tools.external.lombok/lombok-ast/0.2.3/528b6f8bde3157f17530aa366631f2aad2a6cf9/lombok-ast-0.2.3.jar
7fa7619c3000-7fa7619c5000 r--s 0000d000 08:01 2368280                    /home/rin/.gradle/caches/modules-2/files-2.1/commons-codec/commons-codec/1.4/4216af16d38465bbab0f3dff8efa14204f7a399a/commons-codec-1.4.jar
7fa7619c5000-7fa7619c7000 r--s 0000d000 08:01 2368279                    /home/rin/.gradle/caches/modules-2/files-2.1/commons-logging/commons-logging/1.1.1/5043bfebc3db072ed80fbd362e7caf00e885d8ae/commons-logging-1.1.1.jar
7fa7619c7000-7fa7619cc000 r--s 00028000 08:01 2368278                    /home/rin/.gradle/caches/modules-2/files-2.1/org.apache.httpcomponents/httpcore/4.1/33fc26c02f8043ab0ede19eadc8c9885386b255c/httpcore-4.1.jar
7fa7619cc000-7fa7619d0000 r--s 0002f000 08:01 2368277                    /home/rin/.gradle/caches/modules-2/files-2.1/com.google.jimfs/jimfs/1.1/8fbd0579dc68aba6186935cc1bee21d2f3e7ec1c/jimfs-1.1.jar
7fa7619d0000-7fa7619d1000 r--s 00004000 08:01 2368276                    /home/rin/.gradle/caches/modules-2/files-2.1/com.intellij/annotations/12.0/bbcf6448f6d40abe506e2c83b70a3e8bfd2b4539/annotations-12.0.jar
7fa7619d1000-7fa7619d2000 r--s 00004000 08:01 2368275                    /home/rin/.gradle/caches/modules-2/files-2.1/org.ow2.asm/asm-analysis/5.0.4/51f5031331a56c462a3cc5126e21ab65958759a9/asm-analysis-5.0.4.jar
7fa7619d2000-7fa7619d6000 r--s 0003b000 08:01 2368274                    /home/rin/.gradle/caches/modules-2/files-2.1/com.android.tools.lint/lint-api/25.2.3/fb7afa11dcda11d5bf0fcd3dcfec3e13ee921057/lint-api-25.2.3.jar
7fa7619d6000-7fa7619d7000 r--s 0000a000 08:01 2368273                    /home/rin/.gradle/caches/modules-2/files-2.1/net.sf.kxml/kxml2/2.3.0/ccbc77a5fd907ef863c29f3596c6f54ffa4e9442/kxml2-2.3.0.jar
7fa7619d7000-7fa7619d9000 r--s 00005000 08:01 2368272                    /home/rin/.gradle/caches/modules-2/files-2.1/org.apache.httpcomponents/httpmime/4.1/9ba2dcdf94ce35c8a8e9bff242db0618ca932e92/httpmime-4.1.jar
7fa7619d9000-7fa7619e1000 r--s 0004e000 08:01 2368271                    /home/rin/.gradle/caches/modules-2/files-2.1/org.apache.httpcomponents/httpclient/4.1.1/3d1d918f32709e33ba7ddb2c4e8d1c543ebe713e/httpclient-4.1.1.jar
7fa7619e1000-7fa7619e8000 r--s 00053000 08:01 2368270                    /home/rin/.gradle/caches/modules-2/files-2.1/org.apache.commons/commons-compress/1.8.1/a698750c16740fd5b3871425f4cb3bbaa87f529d/commons-compress-1.8.1.jar
7fa7619e8000-7fa7619ed000 r--s 0002a000 08:01 2368269                    /home/rin/.gradle/caches/modules-2/files-2.1/com.google.code.gson/gson/2.2.4/a60a5e993c98c864010053cb901b7eab25306568/gson-2.2.4.jar
7fa7619ed000-7fa7619f2000 r--s 0002d000 08:01 2368268                    /home/rin/.gradle/caches/modules-2/files-2.1/com.android.tools/repository/25.2.3/179dee8115834f40bd9b39675da3a0273174c3ca/repository-25.2.3.jar
7fa7619f2000-7fa7619f3000 r--s 00005000 08:01 2368267                    /home/rin/.gradle/caches/modules-2/files-2.1/com.android.tools/dvlib/25.2.3/5afd79f645811a98c0519141cc13900c659091a8/dvlib-25.2.3.jar
7fa7619f3000-7fa7619f6000 r--s 00014000 08:01 2368266                    /home/rin/.gradle/caches/modules-2/files-2.1/com.android.tools.layoutlib/layoutlib-api/25.2.3/ead9944caa7cba814184148efe69faf8896f4478/layoutlib-api-25.2.3.jar
7fa7619f6000-7fa7619fa000 r--s 00037000 08:01 2368265                    /home/rin/.gradle/caches/modules-2/files-2.1/org.antlr/ST4/4.0.8/a1c55e974f8a94d78e2348fa6ff63f4fa1fae64/ST4-4.0.8.jar
7fa7619fa000-7fa7619fd000 r--s 00026000 08:01 2368264                    /home/rin/.gradle/caches/modules-2/files-2.1/org.antlr/antlr-runtime/3.5.2/cd9cd41361c155f3af0f653009dcecb08d8b4afd/antlr-runtime-3.5.2.jar
7fa7619fd000-7fa761a02000 r--s 00058000 08:01 2368263                    /home/rin/.gradle/caches/modules-2/files-2.1/org.ow2.asm/asm-debug-all/5.0.1/f69b5f7d96cec0d448acf1c1a266584170c9643b/asm-debug-all-5.0.1.jar
7fa761a02000-7fa761a12000 r--s 000d6000 08:01 2368262                    /home/rin/.gradle/caches/modules-2/files-2.1/net.sf.proguard/proguard-base/5.2.1/4f61348b4e7c943b85679dcb697f3a5fc3101921/proguard-base-5.2.1.jar
7fa761a12000-7fa761a15000 r--s 00033000 08:01 2368261                    /home/rin/.gradle/caches/modules-2/files-2.1/com.googlecode.juniversalchardet/juniversalchardet/1.0.3/cd49678784c46aa8789c060538e0154013bb421b/juniversalchardet-1.0.3.jar
7fa761a15000-7fa761a19000 r--s 0002a000 08:01 2368260                    /home/rin/.gradle/caches/modules-2/files-2.1/commons-io/commons-io/2.4/b1b6ea3b7e4aa4f492509a4952029cd8e48019ad/commons-io-2.4.jar
7fa761a19000-7fa761a30000 r--s 00154000 08:01 2368259                    /home/rin/.gradle/caches/modules-2/files-2.1/org.antlr/antlr4/4.5.3/f35db7e4b2446e4174ba6a73db7bd6b3e6bb5da1/antlr4-4.5.3.jar
7fa761a30000-7fa761a31000 r--s 00002000 08:01 2368258                    /home/rin/.gradle/caches/modules-2/files-2.1/com.android.databinding/baseLibrary/2.2.3/b4b51d1925cdfda98fd861230c1ecb5855500129/baseLibrary-2.2.3.jar
7fa761a31000-7fa761a44000 r--s 00236000 08:01 2368257                    /home/rin/.gradle/caches/modules-2/files-2.1/org.eclipse.jdt.core.compiler/ecj/4.5.1/bee1367ac12fb6a20b422ff8711ebeb4f0a42316/ecj-4.5.1.jar
7fa761a44000-7fa761a4b000 r--s 000c3000 08:01 2368256                    /home/rin/.gradle/caches/modules-2/files-2.1/com.android.tools.lint/lint-checks/25.2.3/eae71c1f5ce54195dc821133e3a5df8145de8ff5/lint-checks-25.2.3.jar
7fa761a4b000-7fa761a4d000 r--s 00006000 08:01 2368255                    /home/rin/.gradle/caches/modules-2/files-2.1/org.ow2.asm/asm-tree/5.0.4/396ce0c07ba2b481f25a70195c7c94922f0d1b0b/asm-tree-5.0.4.jar
7fa761a4d000-7fa761a80000 r--s 00203000 08:01 2368254                    /home/rin/.gradle/caches/modules-2/files-2.1/org.bouncycastle/bcprov-jdk15on/1.48/960dea7c9181ba0b17e8bab0c06a43f0a5f04e65/bcprov-jdk15on-1.48.jar
7fa761a80000-7fa761a8e000 r--s 00081000 08:01 2368253                    /home/rin/.gradle/caches/modules-2/files-2.1/org.bouncycastle/bcpkix-jdk15on/1.48/28b7614b908a47844bb27e3c94b45b6893656265/bcpkix-jdk15on-1.48.jar
7fa761a8e000-7fa761a90000 r--s 00002000 08:01 2368252                    /home/rin/.gradle/caches/modules-2/files-2.1/com.squareup/javawriter/2.5.0/81241ff7078ef14f42ea2a8995fa09c096256e6b/javawriter-2.5.0.jar
7fa761a90000-7fa761a91000 r--s 00002000 08:01 2368251                    /home/rin/.gradle/caches/modules-2/files-2.1/com.android.tools.analytics-library/tracker/25.2.3/c807f7b3d9aa3cee795ecac620d22c5ca7dd92e1/tracker-25.2.3.jar
7fa761a91000-7fa761a93000 r--s 00003000 08:01 2368250                    /home/rin/.gradle/caches/modules-2/files-2.1/com.android.tools.analytics-library/shared/25.2.3/785426dac20cfe596e4cf36d01aad930ffdcb05c/shared-25.2.3.jar
7fa761a93000-7fa761aa0000 r--s 000ed000 08:01 2368249                    /home/rin/.gradle/caches/modules-2/files-2.1/com.android.tools.analytics-library/protos/25.2.3/821098054f9667d0f2536d7f2d0200d8bdd9c898/protos-25.2.3.jar
7fa761aa0000-7fa761aa1000 r--s 00001000 08:01 2368248                    /home/rin/.gradle/caches/modules-2/files-2.1/com.android.tools.jill/jill-api/0.10.0/7dfd6360ae4af1e171ec67b92e0cf065d59eef19/jill-api-0.10.0.jar
7fa761aa1000-7fa761aa3000 r--s 00003000 08:01 2368247                    /home/rin/.gradle/caches/modules-2/files-2.1/com.android.tools.jack/jack-api/0.11.0/ccda6afebd2b9cf60886c601ea561bba62c35c70/jack-api-0.11.0.jar
7fa761aa3000-7fa761aa8000 r--s 0004a000 08:01 2368246                    /home/rin/.gradle/caches/modules-2/files-2.1/com.android.tools.ddms/ddmlib/25.2.3/2b66df9156f476b0ccee44b378cd09073118ff59/ddmlib-25.2.3.jar
7fa761aa8000-7fa761aab000 r--s 00021000 08:01 2368245                    /home/rin/.gradle/caches/modules-2/files-2.1/com.android.tools.build/manifest-merger/25.2.3/d0212c507be4c38c39f4ee06a7df5a44f500ed3b/manifest-merger-25.2.3.jar
7fa761aab000-7fa761aad000 r--s 0001c000 08:01 2368244                    /home/rin/.gradle/caches/modules-2/files-2.1/com.android.tools/common/25.2.3/255aa01048bebb511d828c6a5fc668df13b8f39d/common-25.2.3.jar
7fa761aad000-7fa761ab5000 r--s 00084000 08:01 2368243                    /home/rin/.gradle/caches/modules-2/files-2.1/com.android.tools/sdk-common/25.2.3/2c49ca3df5bb961473b096bab2a615a7cda50dc/sdk-common-25.2.3.jar
7fa761ab5000-7fa761ac0000 r--s 0008e000 08:01 2368241                    /home/rin/.gradle/caches/modules-2/files-2.1/com.android.tools/sdklib/25.2.3/9f12cfc56b1df4e42fa2b73f9936b586b9a56a2/sdklib-25.2.3.jar
7fa761ac0000-7fa761ac1000 r--s 00002000 08:01 2368242                    /home/rin/.gradle/caches/modules-2/files-2.1/com.android.tools.build/builder-test-api/2.2.3/700079fc243c217dbd6250ac01d2d6210ca8a0d6/builder-test-api-2.2.3.jar
7fa761ac1000-7fa761ac4000 r--s 00005000 08:01 2368240                    /home/rin/.gradle/caches/modules-2/files-2.1/com.android.tools.build/builder-model/2.2.3/eddf6035ce0a31651527b4c3cc239428e877c43a/builder-model-2.2.3.jar
7fa761ac4000-7fa761ace000 r--s 00110000 08:01 2368239                    /home/rin/.gradle/caches/modules-2/files-2.1/org.antlr/antlr/3.5.2/c4a65c950bfc3e7d04309c515b2177c00baf7764/antlr-3.5.2.jar
7fa761ace000-7fa761ad6000 r--s 0007b000 08:01 2368238                    /home/rin/.gradle/caches/modules-2/files-2.1/com.google.protobuf/protobuf-java/2.5.0/a10732c76bfacdbd633a7eb0f7968b1059a65dfa/protobuf-java-2.5.0.jar
7fa761ad6000-7fa761ad8000 r--s 0000f000 08:01 2368237                    /home/rin/.gradle/caches/modules-2/files-2.1/net.sf.jopt-simple/jopt-simple/4.9/ee9e9eaa0a35360dcfeac129ff4923215fd65904/jopt-simple-4.9.jar
7fa761ad8000-7fa761adc000 r--s 0001f000 08:01 2368236                    /home/rin/.gradle/caches/modules-2/files-2.1/org.jacoco/org.jacoco.report/0.7.5.201505241946/cb1ac5562a45c98cd7b774452f3e8b867b71cd65/org.jacoco.report-0.7.5.201505241946.jar
7fa761adc000-7fa761ae0000 r--s 0001d000 08:01 2368235                    /home/rin/.gradle/caches/modules-2/files-2.1/org.jacoco/org.jacoco.core/0.7.5.201505241946/1ea906dc5201d2a1bc0604f8650534d4bcaf4c95/org.jacoco.core-0.7.5.201505241946.jar
7fa761ae0000-7fa761ae2000 r--s 00009000 08:01 2368233                    /home/rin/.gradle/caches/modules-2/files-2.1/org.ow2.asm/asm-commons/5.0.4/5a556786086c23cd689a0328f8519db93821c04c/asm-commons-5.0.4.jar
7fa761ae2000-7fa761ae4000 r--s 0000c000 08:01 2368232                    /home/rin/.gradle/caches/modules-2/files-2.1/org.ow2.asm/asm/5.0.4/da08b8cce7bbf903602a25a3a163ae252435795/asm-5.0.4.jar
7fa761ae4000-7fa761ce4000 rw-p 00000000 00:00 0 
7fa761ce4000-7fa761ee4000 rw-p 00000000 00:00 0 
7fa761ee4000-7fa761ee7000 ---p 00000000 00:00 0 
7fa761ee7000-7fa7621e5000 rw-p 00000000 00:00 0 
7fa7621e5000-7fa7621e6000 r--s 00002000 08:01 2368234                    /home/rin/.gradle/caches/modules-2/files-2.1/net.sf.proguard/proguard-gradle/5.2.1/5e9956c050fd84fa043517e77c4c0ff175a6b002/proguard-gradle-5.2.1.jar
7fa7621e6000-7fa7621ea000 r--s 0002b000 08:01 2368231                    /home/rin/.gradle/caches/modules-2/files-2.1/com.android.databinding/compilerCommon/2.2.3/8c3829022a54acd042b5382a4a873ee2d64c29ee/compilerCommon-2.2.3.jar
7fa7621ea000-7fa7621eb000 r--s 00002000 08:01 2368230                    /home/rin/.gradle/caches/modules-2/files-2.1/com.android.tools.build/gradle-api/2.2.3/9a45614f789d4aab624d2a61983263885f42b615/gradle-api-2.2.3.jar
7fa7621eb000-7fa7621ec000 r--s 00000000 08:01 2368229                    /home/rin/.gradle/caches/modules-2/files-2.1/com.android.tools.build/transform-api/2.0.0-deprecated-use-gradle-api/85bee1acea9e27152b920746c68133b30b11431/transform-api-2.0.0-deprecated-use-gradle-api.jar
7fa7621ec000-7fa7621f1000 r--s 00053000 08:01 2368228                    /home/rin/.gradle/caches/modules-2/files-2.1/com.android.tools.lint/lint/25.2.3/aa03a3669f2913b9bc6f5f4fba4418f974e48cb7/lint-25.2.3.jar
7fa7621f1000-7fa762208000 r--s 0015e000 08:01 2368227                    /home/rin/.gradle/caches/modules-2/files-2.1/com.android.tools.build/builder/2.2.3/13e7339544e824a3a5f8ecff42173c013791578b/builder-2.2.3.jar
7fa762208000-7fa762225000 r--s 0019d000 08:01 2368226                    /home/rin/.gradle/caches/modules-2/files-2.1/com.android.tools.build/gradle-core/2.2.3/3a777b0626810e0ccdced7d750ac4b60c279616c/gradle-core-2.2.3.jar
7fa762225000-7fa762227000 r--s 0000d000 08:01 2368225                    /home/rin/.gradle/caches/modules-2/files-2.1/com.android.tools.build/gradle/2.2.3/7b8f79621d95e3ce1e95c0852db14d9d7e1d1951/gradle-2.2.3.jar
7fa762227000-7fa76222a000 ---p 00000000 00:00 0 
7fa76222a000-7fa762260000 rw-p 00000000 00:00 0 
7fa762260000-7fa762261000 r--p 00000000 00:00 0 
7fa762261000-7fa762461000 rw-p 00000000 00:00 0 
7fa762461000-7fa762661000 rw-p 00000000 00:00 0 
7fa762661000-7fa762664000 ---p 00000000 00:00 0 
7fa762664000-7fa762962000 rw-p 00000000 00:00 0 
7fa762962000-7fa762b62000 rw-p 00000000 00:00 0 
7fa762b62000-7fa762bdc000 r--s 010f7000 08:01 3023009                    /usr/lib/jvm/java-8-oracle/lib/tools.jar
7fa762bdc000-7fa762ddc000 rw-p 00000000 00:00 0 
7fa762ddc000-7fa762dde000 r--s 00007000 08:01 4215954                    /home/rin/.gradle/wrapper/dists/gradle-2.14.1-all/8bnwg5hd3w55iofp58khbp6yv/gradle-2.14.1/lib/plugins/gradle-tooling-api-builders-2.14.1.jar
7fa762dde000-7fa762de1000 r--s 00008000 08:01 4215947                    /home/rin/.gradle/wrapper/dists/gradle-2.14.1-all/8bnwg5hd3w55iofp58khbp6yv/gradle-2.14.1/lib/plugins/gradle-testing-native-2.14.1.jar
7fa762de1000-7fa762de3000 r--s 00009000 08:01 4216026                    /home/rin/.gradle/wrapper/dists/gradle-2.14.1-all/8bnwg5hd3w55iofp58khbp6yv/gradle-2.14.1/lib/plugins/hamcrest-core-1.3.jar
7fa762de3000-7fa762de9000 r--s 00033000 08:01 4216020                    /home/rin/.gradle/wrapper/dists/gradle-2.14.1-all/8bnwg5hd3w55iofp58khbp6yv/gradle-2.14.1/lib/plugins/snakeyaml-1.6.jar
7fa762de9000-7fa762deb000 r--s 00006000 08:01 4216019                    /home/rin/.gradle/wrapper/dists/gradle-2.14.1-all/8bnwg5hd3w55iofp58khbp6yv/gradle-2.14.1/lib/plugins/jcommander-1.12.jar
7fa762deb000-7fa762df0000 r--s 00040000 08:01 4216018                    /home/rin/.gradle/wrapper/dists/gradle-2.14.1-all/8bnwg5hd3w55iofp58khbp6yv/gradle-2.14.1/lib/plugins/bsh-2.0b4.jar
7fa762df0000-7fa762df9000 r--s 00089000 08:01 4215977                    /home/rin/.gradle/wrapper/dists/gradle-2.14.1-all/8bnwg5hd3w55iofp58khbp6yv/gradle-2.14.1/lib/plugins/testng-6.3.1.jar
7fa762df9000-7fa762e01000 r--s 00045000 08:01 4215976                    /home/rin/.gradle/wrapper/dists/gradle-2.14.1-all/8bnwg5hd3w55iofp58khbp6yv/gradle-2.14.1/lib/plugins/junit-4.12.jar
7fa762e01000-7fa762e07000 r--s 0002e000 08:01 4215948                    /home/rin/.gradle/wrapper/dists/gradle-2.14.1-all/8bnwg5hd3w55iofp58khbp6yv/gradle-2.14.1/lib/plugins/gradle-testing-jvm-2.14.1.jar
7fa762e07000-7fa762e0c000 r--s 00015000 08:01 4215946                    /home/rin/.gradle/wrapper/dists/gradle-2.14.1-all/8bnwg5hd3w55iofp58khbp6yv/gradle-2.14.1/lib/plugins/gradle-testing-base-2.14.1.jar
7fa762e0c000-7fa762e0d000 r--s 00002000 08:01 4215970                    /home/rin/.gradle/wrapper/dists/gradle-2.14.1-all/8bnwg5hd3w55iofp58khbp6yv/gradle-2.14.1/lib/plugins/sonar-batch-bootstrapper-2.9.jar
7fa762e0d000-7fa762e10000 r--s 00015000 08:01 4215924                    /home/rin/.gradle/wrapper/dists/gradle-2.14.1-all/8bnwg5hd3w55iofp58khbp6yv/gradle-2.14.1/lib/plugins/gradle-sonar-2.14.1.jar
7fa762e10000-7fa762e17000 r--s 00038000 08:01 4215971                    /home/rin/.gradle/wrapper/dists/gradle-2.14.1-all/8bnwg5hd3w55iofp58khbp6yv/gradle-2.14.1/lib/plugins/bcpg-jdk15on-1.51.jar
7fa762e17000-7fa762e19000 r--s 0000d000 08:01 4215925                    /home/rin/.gradle/wrapper/dists/gradle-2.14.1-all/8bnwg5hd3w55iofp58khbp6yv/gradle-2.14.1/lib/plugins/gradle-signing-2.14.1.jar
7fa762e19000-7fa762e1c000 r--s 00009000 08:01 4215923                    /home/rin/.gradle/wrapper/dists/gradle-2.14.1-all/8bnwg5hd3w55iofp58khbp6yv/gradle-2.14.1/lib/plugins/gradle-scala-2.14.1.jar
7fa762e1c000-7fa762e1d000 r--s 00004000 08:01 4215952                    /home/rin/.gradle/wrapper/dists/gradle-2.14.1-all/8bnwg5hd3w55iofp58khbp6yv/gradle-2.14.1/lib/plugins/gradle-resources-sftp-2.14.1.jar
7fa762e1d000-7fa762e2d000 r--s 00088000 08:01 4215987                    /home/rin/.gradle/wrapper/dists/gradle-2.14.1-all/8bnwg5hd3w55iofp58khbp6yv/gradle-2.14.1/lib/plugins/joda-time-2.8.2.jar
7fa762e2d000-7fa762e3e000 r--s 000cf000 08:01 4215986                    /home/rin/.gradle/wrapper/dists/gradle-2.14.1-all/8bnwg5hd3w55iofp58khbp6yv/gradle-2.14.1/lib/plugins/jackson-databind-2.3.2.jar
7fa762e3e000-7fa762e40000 r--s 00007000 08:01 4215985                    /home/rin/.gradle/wrapper/dists/gradle-2.14.1-all/8bnwg5hd3w55iofp58khbp6yv/gradle-2.14.1/lib/plugins/jackson-annotations-2.3.2.jar
7fa762e40000-7fa762e43000 r--s 0002e000 08:01 4215984                    /home/rin/.gradle/wrapper/dists/gradle-2.14.1-all/8bnwg5hd3w55iofp58khbp6yv/gradle-2.14.1/lib/plugins/jackson-core-2.3.2.jar
7fa762e43000-7fa762e4e000 r--s 0006b000 08:01 4215983                    /home/rin/.gradle/wrapper/dists/gradle-2.14.1-all/8bnwg5hd3w55iofp58khbp6yv/gradle-2.14.1/lib/plugins/aws-java-sdk-core-1.9.19.jar
7fa762e4e000-7fa762e54000 r--s 00036000 08:01 4215982                    /home/rin/.gradle/wrapper/dists/gradle-2.14.1-all/8bnwg5hd3w55iofp58khbp6yv/gradle-2.14.1/lib/plugins/aws-java-sdk-kms-1.9.19.jar
7fa762e54000-7fa762e5f000 r--s 00079000 08:01 4215981                    /home/rin/.gradle/wrapper/dists/gradle-2.14.1-all/8bnwg5hd3w55iofp58khbp6yv/gradle-2.14.1/lib/plugins/aws-java-sdk-s3-1.9.19.jar
7fa762e5f000-7fa762e60000 r--s 00003000 08:01 4215953                    /home/rin/.gradle/wrapper/dists/gradle-2.14.1-all/8bnwg5hd3w55iofp58khbp6yv/gradle-2.14.1/lib/plugins/gradle-resources-s3-2.14.1.jar
7fa762e60000-7fa762e62000 r--s 00005000 08:01 4215975                    /home/rin/.gradle/wrapper/dists/gradle-2.14.1-all/8bnwg5hd3w55iofp58khbp6yv/gradle-2.14.1/lib/plugins/jatl-0.2.2.jar
7fa762e62000-7fa762e64000 r--s 0000f000 08:01 4215930                    /home/rin/.gradle/wrapper/dists/gradle-2.14.1-all/8bnwg5hd3w55iofp58khbp6yv/gradle-2.14.1/lib/plugins/gradle-reporting-2.14.1.jar
7fa762e64000-7fa762e66000 r--s 00002000 08:01 4215931                    /home/rin/.gradle/wrapper/dists/gradle-2.14.1-all/8bnwg5hd3w55iofp58khbp6yv/gradle-2.14.1/lib/plugins/gradle-publish-2.14.1.jar
7fa762e66000-7fa762e68000 r--s 00009000 08:01 4215957                    /home/rin/.gradle/wrapper/dists/gradle-2.14.1-all/8bnwg5hd3w55iofp58khbp6yv/gradle-2.14.1/lib/plugins/commons-cli-1.2.jar
7fa762e68000-7fa762e6e000 r--s 00033000 08:01 4215915                    /home/rin/.gradle/wrapper/dists/gradle-2.14.1-all/8bnwg5hd3w55iofp58khbp6yv/gradle-2.14.1/lib/plugins/gradle-plugins-2.14.1.jar
7fa762e6e000-7fa762e70000 r--s 00007000 08:01 4215949                    /home/rin/.gradle/wrapper/dists/gradle-2.14.1-all/8bnwg5hd3w55iofp58khbp6yv/gradle-2.14.1/lib/plugins/gradle-plugin-development-2.14.1.jar
7fa762e70000-7fa762e76000 r--s 0002a000 08:01 4215942                    /home/rin/.gradle/wrapper/dists/gradle-2.14.1-all/8bnwg5hd3w55iofp58khbp6yv/gradle-2.14.1/lib/plugins/gradle-platform-play-2.14.1.jar
7fa762e76000-7fa762e83000 r--s 0004d000 08:01 4215941                    /home/rin/.gradle/wrapper/dists/gradle-2.14.1-all/8bnwg5hd3w55iofp58khbp6yv/gradle-2.14.1/lib/plugins/gradle-platform-native-2.14.1.jar
7fa762e83000-7fa762e87000 r--s 0001a000 08:01 4215936                    /home/rin/.gradle/wrapper/dists/gradle-2.14.1-all/8bnwg5hd3w55iofp58khbp6yv/gradle-2.14.1/lib/plugins/gradle-platform-jvm-2.14.1.jar
7fa762e87000-7fa762e8e000 r--s 00029000 08:01 4215935                    /home/rin/.gradle/wrapper/dists/gradle-2.14.1-all/8bnwg5hd3w55iofp58khbp6yv/gradle-2.14.1/lib/plugins/gradle-platform-base-2.14.1.jar
7fa762e8e000-7fa762eaf000 r--s 001c3000 08:01 4215965                    /home/rin/.gradle/wrapper/dists/gradle-2.14.1-all/8bnwg5hd3w55iofp58khbp6yv/gradle-2.14.1/lib/plugins/bndlib-2.4.0.jar
7fa762eaf000-7fa762eb1000 r--s 00003000 08:01 4215919                    /home/rin/.gradle/wrapper/dists/gradle-2.14.1-all/8bnwg5hd3w55iofp58khbp6yv/gradle-2.14.1/lib/plugins/gradle-osgi-2.14.1.jar
7fa762eb1000-7fa762eb4000 r--s 0000c000 08:01 4215968                    /home/rin/.gradle/wrapper/dists/gradle-2.14.1-all/8bnwg5hd3w55iofp58khbp6yv/gradle-2.14.1/lib/plugins/pmaven-groovy-0.8-20100325.jar
7fa762eb4000-7fa762eb5000 r--s 00004000 08:01 4215967                    /home/rin/.gradle/wrapper/dists/gradle-2.14.1-all/8bnwg5hd3w55iofp58khbp6yv/gradle-2.14.1/lib/plugins/pmaven-common-0.8-20100325.jar
7fa762eb5000-7fa762ebb000 r--s 00022000 08:01 4215920                    /home/rin/.gradle/wrapper/dists/gradle-2.14.1-all/8bnwg5hd3w55iofp58khbp6yv/gradle-2.14.1/lib/plugins/gradle-maven-2.14.1.jar
7fa762ebb000-7fa762ebd000 r--s 0000a000 08:01 4215940                    /home/rin/.gradle/wrapper/dists/gradle-2.14.1-all/8bnwg5hd3w55iofp58khbp6yv/gradle-2.14.1/lib/plugins/gradle-language-scala-2.14.1.jar
7fa762ebd000-7fa762ec3000 r--s 0001a000 08:01 4215944                    /home/rin/.gradle/wrapper/dists/gradle-2.14.1-all/8bnwg5hd3w55iofp58khbp6yv/gradle-2.14.1/lib/plugins/gradle-language-native-2.14.1.jar
7fa762ec3000-7fa762ec5000 r--s 00008000 08:01 4215937                    /home/rin/.gradle/wrapper/dists/gradle-2.14.1-all/8bnwg5hd3w55iofp58khbp6yv/gradle-2.14.1/lib/plugins/gradle-language-jvm-2.14.1.jar
7fa762ec5000-7fa762ecb000 r--s 00024000 08:01 4215938                    /home/rin/.gradle/wrapper/dists/gradle-2.14.1-all/8bnwg5hd3w55iofp58khbp6yv/gradle-2.14.1/lib/plugins/gradle-language-java-2.14.1.jar
7fa762ecb000-7fa762ecd000 r--s 0000a000 08:01 4215939                    /home/rin/.gradle/wrapper/dists/gradle-2.14.1-all/8bnwg5hd3w55iofp58khbp6yv/gradle-2.14.1/lib/plugins/gradle-language-groovy-2.14.1.jar
7fa762ecd000-7fa762ed0000 r--s 0001e000 08:01 4215993                    /home/rin/.gradle/wrapper/dists/gradle-2.14.1-all/8bnwg5hd3w55iofp58khbp6yv/gradle-2.14.1/lib/plugins/jsp-api-2.1-6.1.14.jar
7fa762ed0000-7fa762ef3000 r--s 00344000 08:01 4215992                    /home/rin/.gradle/wrapper/dists/gradle-2.14.1-all/8bnwg5hd3w55iofp58khbp6yv/gradle-2.14.1/lib/plugins/core-3.1.1.jar
7fa762ef3000-7fa762ef4000 r--s 00006000 08:01 4215991                    /home/rin/.gradle/wrapper/dists/gradle-2.14.1-all/8bnwg5hd3w55iofp58khbp6yv/gradle-2.14.1/lib/plugins/jetty-naming-6.1.25.jar
7fa762ef4000-7fa762ef5000 r--s 00002000 08:01 4215964                    /home/rin/.gradle/wrapper/dists/gradle-2.14.1-all/8bnwg5hd3w55iofp58khbp6yv/gradle-2.14.1/lib/plugins/geronimo-annotation_1.0_spec-1.0.jar
7fa762ef5000-7fa762ef7000 r--s 00002000 08:01 4215963                    /home/rin/.gradle/wrapper/dists/gradle-2.14.1-all/8bnwg5hd3w55iofp58khbp6yv/gradle-2.14.1/lib/plugins/jetty-annotations-6.1.25.jar
7fa762ef7000-7fa762f08000 r--s 000ea000 08:01 4215962                    /home/rin/.gradle/wrapper/dists/gradle-2.14.1-all/8bnwg5hd3w55iofp58khbp6yv/gradle-2.14.1/lib/plugins/jsp-2.1-6.1.14.jar
7fa762f08000-7fa762f0a000 r--s 0000d000 08:01 4215961                    /home/rin/.gradle/wrapper/dists/gradle-2.14.1-all/8bnwg5hd3w55iofp58khbp6yv/gradle-2.14.1/lib/plugins/jetty-plus-6.1.25.jar
7fa762f0a000-7fa762f0c000 r--s 0001f000 08:01 4215960                    /home/rin/.gradle/wrapper/dists/gradle-2.14.1-all/8bnwg5hd3w55iofp58khbp6yv/gradle-2.14.1/lib/plugins/servlet-api-2.5-20081211.jar
7fa762f0c000-7fa762f10000 r--s 00028000 08:01 4215959                    /home/rin/.gradle/wrapper/dists/gradle-2.14.1-all/8bnwg5hd3w55iofp58khbp6yv/gradle-2.14.1/lib/plugins/jetty-util-6.1.25.jar
7fa762f10000-7fa762f17000 r--s 0007d000 08:01 4215958                    /home/rin/.gradle/wrapper/dists/gradle-2.14.1-all/8bnwg5hd3w55iofp58khbp6yv/gradle-2.14.1/lib/plugins/jetty-6.1.25.jar
7fa762f17000-7fa762f19000 r--s 00009000 08:01 4215917                    /home/rin/.gradle/wrapper/dists/gradle-2.14.1-all/8bnwg5hd3w55iofp58khbp6yv/gradle-2.14.1/lib/plugins/gradle-jetty-2.14.1.jar
7fa762f19000-7fa762f20000 r--s 00035000 08:01 4215974                    /home/rin/.gradle/wrapper/dists/gradle-2.14.1-all/8bnwg5hd3w55iofp58khbp6yv/gradle-2.14.1/lib/plugins/simple-4.1.21.jar
7fa762f20000-7fa762f2c000 r--s 00100000 08:01 4215972                    /home/rin/.gradle/wrapper/dists/gradle-2.14.1-all/8bnwg5hd3w55iofp58khbp6yv/gradle-2.14.1/lib/plugins/rhino-1.7R3.jar
7fa762f2c000-7fa762f30000 r--s 00011000 08:01 4215927                    /home/rin/.gradle/wrapper/dists/gradle-2.14.1-all/8bnwg5hd3w55iofp58khbp6yv/gradle-2.14.1/lib/plugins/gradle-javascript-2.14.1.jar
7fa762f30000-7fa762f32000 r--s 0000c000 08:01 4215933                    /home/rin/.gradle/wrapper/dists/gradle-2.14.1-all/8bnwg5hd3w55iofp58khbp6yv/gradle-2.14.1/lib/plugins/gradle-jacoco-2.14.1.jar
7fa762f32000-7fa762f35000 r--s 0000e000 08:01 4215932                    /home/rin/.gradle/wrapper/dists/gradle-2.14.1-all/8bnwg5hd3w55iofp58khbp6yv/gradle-2.14.1/lib/plugins/gradle-ivy-2.14.1.jar
7fa762f35000-7fa762f36000 r--s 00002000 08:01 4215943                    /home/rin/.gradle/wrapper/dists/gradle-2.14.1-all/8bnwg5hd3w55iofp58khbp6yv/gradle-2.14.1/lib/plugins/gradle-ide-play-2.14.1.jar
7fa762f36000-7fa762f3b000 r--s 0002b000 08:01 4215945                    /home/rin/.gradle/wrapper/dists/gradle-2.14.1-all/8bnwg5hd3w55iofp58khbp6yv/gradle-2.14.1/lib/plugins/gradle-ide-native-2.14.1.jar
7fa762f3b000-7fa762f46000 r--s 00066000 08:01 4215921                    /home/rin/.gradle/wrapper/dists/gradle-2.14.1-all/8bnwg5hd3w55iofp58khbp6yv/gradle-2.14.1/lib/plugins/gradle-ide-2.14.1.jar
7fa762f46000-7fa762f47000 r--s 00008000 08:01 4215926                    /home/rin/.gradle/wrapper/dists/gradle-2.14.1-all/8bnwg5hd3w55iofp58khbp6yv/gradle-2.14.1/lib/plugins/gradle-ear-2.14.1.jar
7fa762f47000-7fa762f4d000 r--s 00032000 08:01 4215929                    /home/rin/.gradle/wrapper/dists/gradle-2.14.1-all/8bnwg5hd3w55iofp58khbp6yv/gradle-2.14.1/lib/plugins/gradle-diagnostics-2.14.1.jar
7fa762f4d000-7fa762f51000 r--s 00021000 08:01 4215916                    /home/rin/.gradle/wrapper/dists/gradle-2.14.1-all/8bnwg5hd3w55iofp58khbp6yv/gradle-2.14.1/lib/plugins/gradle-code-quality-2.14.1.jar
7fa762f51000-7fa762f55000 r--s 0001f000 08:01 4215934                    /home/rin/.gradle/wrapper/dists/gradle-2.14.1-all/8bnwg5hd3w55iofp58khbp6yv/gradle-2.14.1/lib/plugins/gradle-build-init-2.14.1.jar
7fa762f55000-7fa762f5c000 r--s 0008e000 08:01 4215928                    /home/rin/.gradle/wrapper/dists/gradle-2.14.1-all/8bnwg5hd3w55iofp58khbp6yv/gradle-2.14.1/lib/plugins/gradle-build-comparison-2.14.1.jar
7fa762f5c000-7fa762f5e000 r--s 00008000 08:01 4215918                    /home/rin/.gradle/wrapper/dists/gradle-2.14.1-all/8bnwg5hd3w55iofp58khbp6yv/gradle-2.14.1/lib/plugins/gradle-antlr-2.14.1.jar
7fa762f5e000-7fa762f60000 r--s 00004000 08:01 4215922                    /home/rin/.gradle/wrapper/dists/gradle-2.14.1-all/8bnwg5hd3w55iofp58khbp6yv/gradle-2.14.1/lib/plugins/gradle-announce-2.14.1.jar
7fa762f60000-7fa762f78000 r--s 00115000 08:01 4216023                    /home/rin/.gradle/wrapper/dists/gradle-2.14.1-all/8bnwg5hd3w55iofp58khbp6yv/gradle-2.14.1/lib/plugins/xercesImpl-2.9.1.jar
7fa762f78000-7fa762f80000 r--s 00028000 08:01 4216024                    /home/rin/.gradle/wrapper/dists/gradle-2.14.1-all/8bnwg5hd3w55iofp58khbp6yv/gradle-2.14.1/lib/plugins/xml-apis-1.3.04.jar
7fa762f80000-7fa762f86000 r--s 0005b000 08:01 4216022                    /home/rin/.gradle/wrapper/dists/gradle-2.14.1-all/8bnwg5hd3w55iofp58khbp6yv/gradle-2.14.1/lib/plugins/jcifs-1.3.17.jar
7fa762f86000-7fa762f8d000 r--s 00049000 08:01 4216021                    /home/rin/.gradle/wrapper/dists/gradle-2.14.1-all/8bnwg5hd3w55iofp58khbp6yv/gradle-2.14.1/lib/plugins/httpcore-4.4.4.jar
7fa762f8d000-7fa762f93000 r--s 00033000 08:01 4215969                    /home/rin/.gradle/wrapper/dists/gradle-2.14.1-all/8bnwg5hd3w55iofp58khbp6yv/gradle-2.14.1/lib/plugins/commons-codec-1.6.jar
7fa762f93000-7fa762f96000 r--s 0001c000 08:01 4215979                    /home/rin/.gradle/wrapper/dists/gradle-2.14.1-all/8bnwg5hd3w55iofp58khbp6yv/gradle-2.14.1/lib/plugins/nekohtml-1.9.14.jar
7fa762f96000-7fa762fa3000 r--s 000a4000 08:01 4215978                    /home/rin/.gradle/wrapper/dists/gradle-2.14.1-all/8bnwg5hd3w55iofp58khbp6yv/gradle-2.14.1/lib/plugins/httpclient-4.4.1.jar
7fa762fa3000-7fa762fa5000 r--s 0000a000 08:01 4215951                    /home/rin/.gradle/wrapper/dists/gradle-2.14.1-all/8bnwg5hd3w55iofp58khbp6yv/gradle-2.14.1/lib/plugins/gradle-resources-http-2.14.1.jar
7fa762fa5000-7fa762fa9000 r--s 00014000 08:01 4215950                    /home/rin/.gradle/wrapper/dists/gradle-2.14.1-all/8bnwg5hd3w55iofp58khbp6yv/gradle-2.14.1/lib/plugins/gradle-plugin-use-2.14.1.jar
7fa762fa9000-7fa762faa000 r--s 00000000 08:01 4215866                    /home/rin/.gradle/wrapper/dists/gradle-2.14.1-all/8bnwg5hd3w55iofp58khbp6yv/gradle-2.14.1/lib/gradle-installation-beacon-2.14.1.jar
7fa762faa000-7fa762fab000 r--s 00007000 08:01 4216017                    /home/rin/.gradle/wrapper/dists/gradle-2.14.1-all/8bnwg5hd3w55iofp58khbp6yv/gradle-2.14.1/lib/plugins/wagon-http-shared4-2.4.jar
7fa762fab000-7fa762faf000 r--s 00033000 08:01 4216016                    /home/rin/.gradle/wrapper/dists/gradle-2.14.1-all/8bnwg5hd3w55iofp58khbp6yv/gradle-2.14.1/lib/plugins/plexus-utils-2.0.6.jar
7fa762faf000-7fa762fb3000 r--s 00021000 08:01 4216015                    /home/rin/.gradle/wrapper/dists/gradle-2.14.1-all/8bnwg5hd3w55iofp58khbp6yv/gradle-2.14.1/lib/plugins/maven-model-builder-3.0.4.jar
7fa762fb3000-7fa762fb4000 r--s 00002000 08:01 4216014                    /home/rin/.gradle/wrapper/dists/gradle-2.14.1-all/8bnwg5hd3w55iofp58khbp6yv/gradle-2.14.1/lib/plugins/wagon-file-2.4.jar
7fa762fb4000-7fa762fb6000 r--s 00002000 08:01 4216013                    /home/rin/.gradle/wrapper/dists/gradle-2.14.1-all/8bnwg5hd3w55iofp58khbp6yv/gradle-2.14.1/lib/plugins/plexus-cipher-1.7.jar
7fa762fb6000-7fa762fb9000 r--s 00013000 08:01 4216012                    /home/rin/.gradle/wrapper/dists/gradle-2.14.1-all/8bnwg5hd3w55iofp58khbp6yv/gradle-2.14.1/lib/plugins/aether-api-1.13.1.jar
7fa762fb9000-7fa762fbb000 r--s 0000a000 08:01 4216011                    /home/rin/.gradle/wrapper/dists/gradle-2.14.1-all/8bnwg5hd3w55iofp58khbp6yv/gradle-2.14.1/lib/plugins/maven-settings-3.0.4.jar
7fa762fbb000-7fa762fbd000 r--s 0000d000 08:01 4216010                    /home/rin/.gradle/wrapper/dists/gradle-2.14.1-all/8bnwg5hd3w55iofp58khbp6yv/gradle-2.14.1/lib/plugins/plexus-interpolation-1.14.jar
7fa762fbd000-7fa762fbf000 r--s 0000b000 08:01 4216009                    /home/rin/.gradle/wrapper/dists/gradle-2.14.1-all/8bnwg5hd3w55iofp58khbp6yv/gradle-2.14.1/lib/plugins/maven-artifact-3.0.4.jar
7fa762fbf000-7fa762fc6000 r--s 0002e000 08:01 4216008                    /home/rin/.gradle/wrapper/dists/gradle-2.14.1-all/8bnwg5hd3w55iofp58khbp6yv/gradle-2.14.1/lib/plugins/plexus-container-default-1.5.5.jar
7fa762fc6000-7fa762fcc000 r--s 0003f000 08:01 4216006                    /home/rin/.gradle/wrapper/dists/gradle-2.14.1-all/8bnwg5hd3w55iofp58khbp6yv/gradle-2.14.1/lib/plugins/maven-compat-3.0.4.jar
7fa762fcc000-7fa76300c000 r--s 00277000 08:01 4215990                    /home/rin/.gradle/wrapper/dists/gradle-2.14.1-all/8bnwg5hd3w55iofp58khbp6yv/gradle-2.14.1/lib/plugins/bcprov-jdk15on-1.51.jar
7fa76300c000-7fa763015000 r-xp 00000000 08:01 3024460                    /usr/lib/jvm/java-8-oracle/jre/lib/amd64/libmanagement.so
7fa763015000-7fa763214000 ---p 00009000 08:01 3024460                    /usr/lib/jvm/java-8-oracle/jre/lib/amd64/libmanagement.so
7fa763214000-7fa763215000 rw-p 00008000 08:01 3024460                    /usr/lib/jvm/java-8-oracle/jre/lib/amd64/libmanagement.so
7fa763215000-7fa76323a000 r-xp 00000000 08:01 1708724                    /lib/x86_64-linux-gnu/libtinfo.so.5.9
7fa76323a000-7fa763439000 ---p 00025000 08:01 1708724                    /lib/x86_64-linux-gnu/libtinfo.so.5.9
7fa763439000-7fa76343d000 r--p 00024000 08:01 1708724                    /lib/x86_64-linux-gnu/libtinfo.so.5.9
7fa76343d000-7fa76343e000 rw-p 00028000 08:01 1708724                    /lib/x86_64-linux-gnu/libtinfo.so.5.9
7fa76343e000-7fa76345f000 r-xp 00000000 08:01 1708633                    /lib/x86_64-linux-gnu/libncurses.so.5.9
7fa76345f000-7fa76365e000 ---p 00021000 08:01 1708633                    /lib/x86_64-linux-gnu/libncurses.so.5.9
7fa76365e000-7fa76365f000 r--p 00020000 08:01 1708633                    /lib/x86_64-linux-gnu/libncurses.so.5.9
7fa76365f000-7fa763660000 rw-p 00021000 08:01 1708633                    /lib/x86_64-linux-gnu/libncurses.so.5.9
7fa763660000-7fa763663000 r-xp 00000000 08:01 4218943                    /home/rin/.gradle/native/19/linux-amd64/libnative-platform-curses.so
7fa763663000-7fa763863000 ---p 00003000 08:01 4218943                    /home/rin/.gradle/native/19/linux-amd64/libnative-platform-curses.so
7fa763863000-7fa763864000 rw-p 00003000 08:01 4218943                    /home/rin/.gradle/native/19/linux-amd64/libnative-platform-curses.so
7fa763864000-7fa76387a000 r-xp 00000000 08:01 1708591                    /lib/x86_64-linux-gnu/libgcc_s.so.1
7fa76387a000-7fa763a79000 ---p 00016000 08:01 1708591                    /lib/x86_64-linux-gnu/libgcc_s.so.1
7fa763a79000-7fa763a7a000 rw-p 00015000 08:01 1708591                    /lib/x86_64-linux-gnu/libgcc_s.so.1
7fa763a7a000-7fa763bec000 r-xp 00000000 08:01 2885232                    /usr/lib/x86_64-linux-gnu/libstdc++.so.6.0.21
7fa763bec000-7fa763dec000 ---p 00172000 08:01 2885232                    /usr/lib/x86_64-linux-gnu/libstdc++.so.6.0.21
7fa763dec000-7fa763df6000 r--p 00172000 08:01 2885232                    /usr/lib/x86_64-linux-gnu/libstdc++.so.6.0.21
7fa763df6000-7fa763df8000 rw-p 0017c000 08:01 2885232                    /usr/lib/x86_64-linux-gnu/libstdc++.so.6.0.21
7fa763df8000-7fa763dfc000 rw-p 00000000 00:00 0 
7fa763dfc000-7fa763e00000 r-xp 00000000 08:01 4218941                    /home/rin/.gradle/native/19/linux-amd64/libnative-platform.so
7fa763e00000-7fa763fff000 ---p 00004000 08:01 4218941                    /home/rin/.gradle/native/19/linux-amd64/libnative-platform.so
7fa763fff000-7fa764000000 rw-p 00003000 08:01 4218941                    /home/rin/.gradle/native/19/linux-amd64/libnative-platform.so
7fa764000000-7fa764021000 rw-p 00000000 00:00 0 
7fa764021000-7fa768000000 ---p 00000000 00:00 0 
7fa768000000-7fa768021000 rw-p 00000000 00:00 0 
7fa768021000-7fa76c000000 ---p 00000000 00:00 0 
7fa76c000000-7fa76dce0000 rw-p 00000000 00:00 0 
7fa76dce0000-7fa770000000 ---p 00000000 00:00 0 
7fa770000000-7fa770d75000 rw-p 00000000 00:00 0 
7fa770d75000-7fa774000000 ---p 00000000 00:00 0 
7fa774000000-7fa774021000 rw-p 00000000 00:00 0 
7fa774021000-7fa778000000 ---p 00000000 00:00 0 
7fa778000000-7fa779cb3000 rw-p 00000000 00:00 0 
7fa779cb3000-7fa77c000000 ---p 00000000 00:00 0 
7fa77c000000-7fa77c021000 rw-p 00000000 00:00 0 
7fa77c021000-7fa780000000 ---p 00000000 00:00 0 
7fa780000000-7fa780021000 rw-p 00000000 00:00 0 
7fa780021000-7fa784000000 ---p 00000000 00:00 0 
7fa784000000-7fa78402a000 rw-p 00000000 00:00 0 
7fa78402a000-7fa788000000 ---p 00000000 00:00 0 
7fa788000000-7fa788291000 rw-p 00000000 00:00 0 
7fa788291000-7fa78c000000 ---p 00000000 00:00 0 
7fa78c000000-7fa78c028000 rw-p 00000000 00:00 0 
7fa78c028000-7fa790000000 ---p 00000000 00:00 0 
7fa790000000-7fa790002000 r--s 0000b000 08:01 4216007                    /home/rin/.gradle/wrapper/dists/gradle-2.14.1-all/8bnwg5hd3w55iofp58khbp6yv/gradle-2.14.1/lib/plugins/maven-plugin-api-3.0.4.jar
7fa790002000-7fa790004000 r--s 00000000 08:01 4216025                    /home/rin/.gradle/wrapper/dists/gradle-2.14.1-all/8bnwg5hd3w55iofp58khbp6yv/gradle-2.14.1/lib/plugins/plexus-component-annotations-1.5.5.jar
7fa790004000-7fa790007000 r--s 00008000 08:01 4216005                    /home/rin/.gradle/wrapper/dists/gradle-2.14.1-all/8bnwg5hd3w55iofp58khbp6yv/gradle-2.14.1/lib/plugins/maven-settings-builder-3.0.4.jar
7fa790007000-7fa790008000 r--s 00002000 08:01 4216004                    /home/rin/.gradle/wrapper/dists/gradle-2.14.1-all/8bnwg5hd3w55iofp58khbp6yv/gradle-2.14.1/lib/plugins/wagon-http-2.4.jar
7fa790008000-7fa79000a000 r--s 00026000 08:01 4216003                    /home/rin/.gradle/wrapper/dists/gradle-2.14.1-all/8bnwg5hd3w55iofp58khbp6yv/gradle-2.14.1/lib/plugins/maven-model-3.0.4.jar
7fa79000a000-7fa79000c000 r--s 00006000 08:01 4216002                    /home/rin/.gradle/wrapper/dists/gradle-2.14.1-all/8bnwg5hd3w55iofp58khbp6yv/gradle-2.14.1/lib/plugins/aether-connector-wagon-1.13.1.jar
7fa79000c000-7fa79000e000 r--s 0000a000 08:01 4216001                    /home/rin/.gradle/wrapper/dists/gradle-2.14.1-all/8bnwg5hd3w55iofp58khbp6yv/gradle-2.14.1/lib/plugins/plexus-classworlds-2.4.jar
7fa79000e000-7fa790010000 r--s 00006000 08:01 4216000                    /home/rin/.gradle/wrapper/dists/gradle-2.14.1-all/8bnwg5hd3w55iofp58khbp6yv/gradle-2.14.1/lib/plugins/maven-repository-metadata-3.0.4.jar
7fa790010000-7fa790012000 r--s 0000c000 08:01 4215999                    /home/rin/.gradle/wrapper/dists/gradle-2.14.1-all/8bnwg5hd3w55iofp58khbp6yv/gradle-2.14.1/lib/plugins/maven-aether-provider-3.0.4.jar
7fa790012000-7fa790014000 r--s 0000b000 08:01 4215998                    /home/rin/.gradle/wrapper/dists/gradle-2.14.1-all/8bnwg5hd3w55iofp58khbp6yv/gradle-2.14.1/lib/plugins/wagon-provider-api-2.4.jar
7fa790014000-7fa790015000 r--s 00003000 08:01 4215997                    /home/rin/.gradle/wrapper/dists/gradle-2.14.1-all/8bnwg5hd3w55iofp58khbp6yv/gradle-2.14.1/lib/plugins/aether-spi-1.13.1.jar
7fa790015000-7fa790019000 r--s 0001c000 08:01 4215996                    /home/rin/.gradle/wrapper/dists/gradle-2.14.1-all/8bnwg5hd3w55iofp58khbp6yv/gradle-2.14.1/lib/plugins/aether-util-1.13.1.jar
7fa790019000-7fa79001c000 r--s 0001d000 08:01 4215995                    /home/rin/.gradle/wrapper/dists/gradle-2.14.1-all/8bnwg5hd3w55iofp58khbp6yv/gradle-2.14.1/lib/plugins/aether-impl-1.13.1.jar
7fa79001c000-7fa79001d000 r--s 00006000 08:01 4215994                    /home/rin/.gradle/wrapper/dists/gradle-2.14.1-all/8bnwg5hd3w55iofp58khbp6yv/gradle-2.14.1/lib/plugins/plexus-sec-dispatcher-1.3.jar
7fa79001d000-7fa790022000 r--s 00040000 08:01 4215980                    /home/rin/.gradle/wrapper/dists/gradle-2.14.1-all/8bnwg5hd3w55iofp58khbp6yv/gradle-2.14.1/lib/plugins/jsch-0.1.53.jar
7fa790022000-7fa790026000 r--s 0001d000 08:01 4215989                    /home/rin/.gradle/wrapper/dists/gradle-2.14.1-all/8bnwg5hd3w55iofp58khbp6yv/gradle-2.14.1/lib/plugins/xbean-reflect-3.4.jar
7fa790026000-7fa790032000 r--s 0007d000 08:01 4215966                    /home/rin/.gradle/wrapper/dists/gradle-2.14.1-all/8bnwg5hd3w55iofp58khbp6yv/gradle-2.14.1/lib/plugins/maven-core-3.0.4.jar
7fa790032000-7fa790037000 r--s 0002a000 08:01 4215973                    /home/rin/.gradle/wrapper/dists/gradle-2.14.1-all/8bnwg5hd3w55iofp58khbp6yv/gradle-2.14.1/lib/plugins/gson-2.2.4.jar
7fa790037000-7fa790046000 r--s 000d9000 08:01 4215988                    /home/rin/.gradle/wrapper/dists/gradle-2.14.1-all/8bnwg5hd3w55iofp58khbp6yv/gradle-2.14.1/lib/plugins/ivy-2.2.0.jar
7fa790046000-7fa790062000 r--s 000d3000 08:01 4215955                    /home/rin/.gradle/wrapper/dists/gradle-2.14.1-all/8bnwg5hd3w55iofp58khbp6yv/gradle-2.14.1/lib/plugins/gradle-dependency-management-2.14.1.jar
7fa790062000-7fa790077000 r-xp 00000000 08:01 2372294                    /tmp/jna1284853962471395897.tmp
7fa790077000-7fa790176000 ---p 00015000 08:01 2372294                    /tmp/jna1284853962471395897.tmp
7fa790176000-7fa790178000 rw-p 00014000 08:01 2372294                    /tmp/jna1284853962471395897.tmp
7fa790178000-7fa79017f000 r--s 00000000 08:01 3148144                    /usr/lib/x86_64-linux-gnu/gconv/gconv-modules.cache
7fa79017f000-7fa790181000 r--s 00005000 08:01 4215865                    /home/rin/.gradle/wrapper/dists/gradle-2.14.1-all/8bnwg5hd3w55iofp58khbp6yv/gradle-2.14.1/lib/gradle-wrapper-2.14.1.jar
7fa790181000-7fa79018f000 r--s 0004f000 08:01 4215872                    /home/rin/.gradle/wrapper/dists/gradle-2.14.1-all/8bnwg5hd3w55iofp58khbp6yv/gradle-2.14.1/lib/gradle-tooling-api-2.14.1.jar
7fa79018f000-7fa790191000 r--s 00002000 08:01 4215892                    /home/rin/.gradle/wrapper/dists/gradle-2.14.1-all/8bnwg5hd3w55iofp58khbp6yv/gradle-2.14.1/lib/gradle-open-api-2.14.1.jar
7fa790191000-7fa790197000 r--s 00032000 08:01 4215894                    /home/rin/.gradle/wrapper/dists/gradle-2.14.1-all/8bnwg5hd3w55iofp58khbp6yv/gradle-2.14.1/lib/jaxen-1.1.jar
7fa790197000-7fa79019c000 r--s 00048000 08:01 4215893                    /home/rin/.gradle/wrapper/dists/gradle-2.14.1-all/8bnwg5hd3w55iofp58khbp6yv/gradle-2.14.1/lib/dom4j-1.6.1.jar
7fa79019c000-7fa7901a7000 r--s 00059000 08:01 4215871                    /home/rin/.gradle/wrapper/dists/gradle-2.14.1-all/8bnwg5hd3w55iofp58khbp6yv/gradle-2.14.1/lib/gradle-ui-2.14.1.jar
7fa7901a7000-7fa7901aa000 r--s 0000b000 08:01 4215890                    /home/rin/.gradle/wrapper/dists/gradle-2.14.1-all/8bnwg5hd3w55iofp58khbp6yv/gradle-2.14.1/lib/gradle-resources-2.14.1.jar
7fa7901aa000-7fa7901ac000 r--s 00003000 08:01 4215902                    /home/rin/.gradle/wrapper/dists/gradle-2.14.1-all/8bnwg5hd3w55iofp58khbp6yv/gradle-2.14.1/lib/jcl-over-slf4j-1.7.10.jar
7fa7901ac000-7fa7901ad000 r--s 00005000 08:01 4215901                    /home/rin/.gradle/wrapper/dists/gradle-2.14.1-all/8bnwg5hd3w55iofp58khbp6yv/gradle-2.14.1/lib/log4j-over-slf4j-1.7.10.jar
7fa7901ad000-7fa7901af000 r--s 00000000 08:01 4215900                    /home/rin/.gradle/wrapper/dists/gradle-2.14.1-all/8bnwg5hd3w55iofp58khbp6yv/gradle-2.14.1/lib/jul-to-slf4j-1.7.10.jar
7fa7901af000-7fa7901b4000 r--s 0001c000 08:01 4215889                    /home/rin/.gradle/wrapper/dists/gradle-2.14.1-all/8bnwg5hd3w55iofp58khbp6yv/gradle-2.14.1/lib/gradle-logging-2.14.1.jar
7fa7901b4000-7fa7901b6000 r--s 00007000 08:01 4215913                    /home/rin/.gradle/wrapper/dists/gradle-2.14.1-all/8bnwg5hd3w55iofp58khbp6yv/gradle-2.14.1/lib/objenesis-1.2.jar
7fa7901b6000-7fa7901b8000 r--s 00000000 08:01 4215912                    /home/rin/.gradle/wrapper/dists/gradle-2.14.1-all/8bnwg5hd3w55iofp58khbp6yv/gradle-2.14.1/lib/minlog-1.2.jar
7fa7901b8000-7fa7901ba000 r--s 0000f000 08:01 4215911                    /home/rin/.gradle/wrapper/dists/gradle-2.14.1-all/8bnwg5hd3w55iofp58khbp6yv/gradle-2.14.1/lib/reflectasm-1.07-shaded.jar
7fa7901ba000-7fa7901be000 r--s 00026000 08:01 4215899                    /home/rin/.gradle/wrapper/dists/gradle-2.14.1-all/8bnwg5hd3w55iofp58khbp6yv/gradle-2.14.1/lib/kryo-2.20.jar
7fa7901be000-7fa7901c4000 r--s 00025000 08:01 4215888                    /home/rin/.gradle/wrapper/dists/gradle-2.14.1-all/8bnwg5hd3w55iofp58khbp6yv/gradle-2.14.1/lib/gradle-messaging-2.14.1.jar
7fa7901c4000-7fa7901c5000 r--s 00003000 08:01 4215910                    /home/rin/.gradle/wrapper/dists/gradle-2.14.1-all/8bnwg5hd3w55iofp58khbp6yv/gradle-2.14.1/lib/native-platform-freebsd-amd64-0.10.jar
7fa7901c5000-7fa7901c6000 r--s 00003000 08:01 4215909                    /home/rin/.gradle/wrapper/dists/gradle-2.14.1-all/8bnwg5hd3w55iofp58khbp6yv/gradle-2.14.1/lib/native-platform-freebsd-i386-0.10.jar
7fa7901c6000-7fa7901c7000 r--s 00005000 08:01 4215908                    /home/rin/.gradle/wrapper/dists/gradle-2.14.1-all/8bnwg5hd3w55iofp58khbp6yv/gradle-2.14.1/lib/native-platform-windows-i386-0.10.jar
7fa7901c7000-7fa7901c8000 r--s 00005000 08:01 4215907                    /home/rin/.gradle/wrapper/dists/gradle-2.14.1-all/8bnwg5hd3w55iofp58khbp6yv/gradle-2.14.1/lib/native-platform-windows-amd64-0.10.jar
7fa7901c8000-7fa7901c9000 r--s 00003000 08:01 4215906                    /home/rin/.gradle/wrapper/dists/gradle-2.14.1-all/8bnwg5hd3w55iofp58khbp6yv/gradle-2.14.1/lib/native-platform-linux-i386-0.10.jar
7fa7901c9000-7fa7901ca000 r--s 00003000 08:01 4215905                    /home/rin/.gradle/wrapper/dists/gradle-2.14.1-all/8bnwg5hd3w55iofp58khbp6yv/gradle-2.14.1/lib/native-platform-linux-amd64-0.10.jar
7fa7901ca000-7fa7901cb000 r--s 00002000 08:01 4215904                    /home/rin/.gradle/wrapper/dists/gradle-2.14.1-all/8bnwg5hd3w55iofp58khbp6yv/gradle-2.14.1/lib/native-platform-osx-amd64-0.10.jar
7fa7901cb000-7fa7901cc000 r--s 00002000 08:01 4215903                    /home/rin/.gradle/wrapper/dists/gradle-2.14.1-all/8bnwg5hd3w55iofp58khbp6yv/gradle-2.14.1/lib/native-platform-osx-i386-0.10.jar
7fa7901cc000-7fa7901cf000 r--s 0000d000 08:01 4215896                    /home/rin/.gradle/wrapper/dists/gradle-2.14.1-all/8bnwg5hd3w55iofp58khbp6yv/gradle-2.14.1/lib/native-platform-0.10.jar
7fa7901cf000-7fa7901d3000 r--s 000e4000 08:01 4215895                    /home/rin/.gradle/wrapper/dists/gradle-2.14.1-all/8bnwg5hd3w55iofp58khbp6yv/gradle-2.14.1/lib/jna-3.2.7.jar
7fa7901d3000-7fa7901e4000 r-xp 00000000 08:01 3024455                    /usr/lib/jvm/java-8-oracle/jre/lib/amd64/libnio.so
7fa7901e4000-7fa7903e3000 ---p 00011000 08:01 3024455                    /usr/lib/jvm/java-8-oracle/jre/lib/amd64/libnio.so
7fa7903e3000-7fa7903e4000 rw-p 00010000 08:01 3024455                    /usr/lib/jvm/java-8-oracle/jre/lib/amd64/libnio.so
7fa7903e4000-7fa7933e5000 rw-p 00000000 00:00 0 
7fa7933e5000-7fa7933fc000 r-xp 00000000 08:01 3024452                    /usr/lib/jvm/java-8-oracle/jre/lib/amd64/libnet.so
7fa7933fc000-7fa7935fb000 ---p 00017000 08:01 3024452                    /usr/lib/jvm/java-8-oracle/jre/lib/amd64/libnet.so
7fa7935fb000-7fa7935fc000 rw-p 00016000 08:01 3024452                    /usr/lib/jvm/java-8-oracle/jre/lib/amd64/libnet.so
7fa7935fc000-7fa7935fd000 ---p 00000000 00:00 0 
7fa7935fd000-7fa7936fd000 rw-p 00000000 00:00 0 
7fa7936fd000-7fa793700000 ---p 00000000 00:00 0 
7fa793700000-7fa7937fe000 rw-p 00000000 00:00 0 
7fa7937fe000-7fa793801000 ---p 00000000 00:00 0 
7fa793801000-7fa7938ff000 rw-p 00000000 00:00 0 
7fa7938ff000-7fa794000000 r--p 00000000 08:01 2892002                    /usr/lib/locale/locale-archive
7fa794000000-7fa794021000 rw-p 00000000 00:00 0 
7fa794021000-7fa798000000 ---p 00000000 00:00 0 
7fa798000000-7fa798002000 r--s 00008000 08:01 4215897                    /home/rin/.gradle/wrapper/dists/gradle-2.14.1-all/8bnwg5hd3w55iofp58khbp6yv/gradle-2.14.1/lib/jansi-1.2.1.jar
7fa798002000-7fa798004000 r--s 00009000 08:01 4215873                    /home/rin/.gradle/wrapper/dists/gradle-2.14.1-all/8bnwg5hd3w55iofp58khbp6yv/gradle-2.14.1/lib/gradle-native-2.14.1.jar
7fa798004000-7fa798006000 r--s 00005000 08:01 4215870                    /home/rin/.gradle/wrapper/dists/gradle-2.14.1-all/8bnwg5hd3w55iofp58khbp6yv/gradle-2.14.1/lib/gradle-cli-2.14.1.jar
7fa798006000-7fa798008000 r--s 00007000 08:01 4215880                    /home/rin/.gradle/wrapper/dists/gradle-2.14.1-all/8bnwg5hd3w55iofp58khbp6yv/gradle-2.14.1/lib/gradle-model-groovy-2.14.1.jar
7fa798008000-7fa798017000 r--s 00080000 08:01 4215879                    /home/rin/.gradle/wrapper/dists/gradle-2.14.1-all/8bnwg5hd3w55iofp58khbp6yv/gradle-2.14.1/lib/gradle-model-core-2.14.1.jar
7fa798017000-7fa798024000 r--s 00083000 08:01 4215883                    /home/rin/.gradle/wrapper/dists/gradle-2.14.1-all/8bnwg5hd3w55iofp58khbp6yv/gradle-2.14.1/lib/commons-collections-3.2.2.jar
7fa798024000-7fa798093000 r--s 0063e000 08:01 4215878                    /home/rin/.gradle/wrapper/dists/gradle-2.14.1-all/8bnwg5hd3w55iofp58khbp6yv/gradle-2.14.1/lib/groovy-all-2.4.4.jar
7fa798093000-7fa7980bb000 r--s 001cf000 08:01 4215875                    /home/rin/.gradle/wrapper/dists/gradle-2.14.1-all/8bnwg5hd3w55iofp58khbp6yv/gradle-2.14.1/lib/guava-jdk5-17.0.jar
7fa7980bb000-7fa7980be000 ---p 00000000 00:00 0 
7fa7980be000-7fa7981bc000 rw-p 00000000 00:00 0 
7fa7981bc000-7fa7981bf000 ---p 00000000 00:00 0 
7fa7981bf000-7fa7982bd000 rw-p 00000000 00:00 0 
7fa7982bd000-7fa7982c0000 ---p 00000000 00:00 0 
7fa7982c0000-7fa7983be000 rw-p 00000000 00:00 0 
7fa7983be000-7fa7983c1000 ---p 00000000 00:00 0 
7fa7983c1000-7fa7984bf000 rw-p 00000000 00:00 0 
7fa7984bf000-7fa7984c2000 ---p 00000000 00:00 0 
7fa7984c2000-7fa7985c0000 rw-p 00000000 00:00 0 
7fa7985c0000-7fa7985c1000 ---p 00000000 00:00 0 
7fa7985c1000-7fa7995d0000 rw-p 00000000 00:00 0 
7fa7995d0000-7fa7997a9000 r--s 03d5a000 08:01 3024394                    /usr/lib/jvm/java-8-oracle/jre/lib/rt.jar
7fa7997a9000-7fa79c000000 rw-p 00000000 00:00 0 
7fa79c000000-7fa79c027000 rw-p 00000000 00:00 0 
7fa79c027000-7fa7a0000000 ---p 00000000 00:00 0 
7fa7a0000000-7fa7a0001000 r--s 00006000 08:01 4215887                    /home/rin/.gradle/wrapper/dists/gradle-2.14.1-all/8bnwg5hd3w55iofp58khbp6yv/gradle-2.14.1/lib/gradle-base-services-groovy-2.14.1.jar
7fa7a0001000-7fa7a0002000 r--s 00002000 08:01 4215891                    /home/rin/.gradle/wrapper/dists/gradle-2.14.1-all/8bnwg5hd3w55iofp58khbp6yv/gradle-2.14.1/lib/gradle-docs-2.14.1.jar
7fa7a0002000-7fa7a0006000 r--s 00027000 08:01 4215884                    /home/rin/.gradle/wrapper/dists/gradle-2.14.1-all/8bnwg5hd3w55iofp58khbp6yv/gradle-2.14.1/lib/commons-io-2.2.jar
7fa7a0006000-7fa7a000b000 r--s 00038000 08:01 4215881                    /home/rin/.gradle/wrapper/dists/gradle-2.14.1-all/8bnwg5hd3w55iofp58khbp6yv/gradle-2.14.1/lib/asm-all-5.1.jar
7fa7a000b000-7fa7a0010000 r--s 00041000 08:01 4215876                    /home/rin/.gradle/wrapper/dists/gradle-2.14.1-all/8bnwg5hd3w55iofp58khbp6yv/gradle-2.14.1/lib/commons-lang-2.6.jar
7fa7a0010000-7fa7a002f000 r--s 001d1000 08:01 4215882                    /home/rin/.gradle/wrapper/dists/gradle-2.14.1-all/8bnwg5hd3w55iofp58khbp6yv/gradle-2.14.1/lib/ant-1.9.6.jar
7fa7a002f000-7fa7a0066000 r--s 001bd000 08:01 4215869                    /home/rin/.gradle/wrapper/dists/gradle-2.14.1-all/8bnwg5hd3w55iofp58khbp6yv/gradle-2.14.1/lib/gradle-core-2.14.1.jar
7fa7a0066000-7fa7a0071000 r--s 00051000 08:01 4215864                    /home/rin/.gradle/wrapper/dists/gradle-2.14.1-all/8bnwg5hd3w55iofp58khbp6yv/gradle-2.14.1/lib/gradle-launcher-2.14.1.jar
7fa7a0071000-7fa7a00e1000 rw-p 00000000 00:00 0 
7fa7a00e1000-7fa7a00e2000 ---p 00000000 00:00 0 
7fa7a00e2000-7fa7a01e2000 rw-p 00000000 00:00 0 
7fa7a01e2000-7fa7a01e3000 ---p 00000000 00:00 0 
7fa7a01e3000-7fa7a02e3000 rw-p 00000000 00:00 0 
7fa7a02e3000-7fa7a02e4000 ---p 00000000 00:00 0 
7fa7a02e4000-7fa7a03e4000 rw-p 00000000 00:00 0 
7fa7a03e4000-7fa7a03e5000 ---p 00000000 00:00 0 
7fa7a03e5000-7fa7a0500000 rw-p 00000000 00:00 0 
7fa7a0500000-7fa7a062a000 ---p 00000000 00:00 0 
7fa7a062a000-7fa7a0645000 rw-p 00000000 00:00 0 
7fa7a0645000-7fa7a076e000 ---p 00000000 00:00 0 
7fa7a076e000-7fa7a07e2000 rw-p 00000000 00:00 0 
7fa7a07e2000-7fa7a0811000 ---p 00000000 00:00 0 
7fa7a0811000-7fa7a0875000 rw-p 00000000 00:00 0 
7fa7a0875000-7fa7a0bd2000 ---p 00000000 00:00 0 
7fa7a0bd2000-7fa7a2492000 rwxp 00000000 00:00 0 
7fa7a2492000-7fa7afbd2000 ---p 00000000 00:00 0 
7fa7afbd2000-7fa7afbed000 r-xp 00000000 08:01 3024448                    /usr/lib/jvm/java-8-oracle/jre/lib/amd64/libzip.so
7fa7afbed000-7fa7afded000 ---p 0001b000 08:01 3024448                    /usr/lib/jvm/java-8-oracle/jre/lib/amd64/libzip.so
7fa7afded000-7fa7afdee000 rw-p 0001b000 08:01 3024448                    /usr/lib/jvm/java-8-oracle/jre/lib/amd64/libzip.so
7fa7afdee000-7fa7afdf9000 r-xp 00000000 08:01 1708650                    /lib/x86_64-linux-gnu/libnss_files-2.23.so
7fa7afdf9000-7fa7afff8000 ---p 0000b000 08:01 1708650                    /lib/x86_64-linux-gnu/libnss_files-2.23.so
7fa7afff8000-7fa7afff9000 r--p 0000a000 08:01 1708650                    /lib/x86_64-linux-gnu/libnss_files-2.23.so
7fa7afff9000-7fa7afffa000 rw-p 0000b000 08:01 1708650                    /lib/x86_64-linux-gnu/libnss_files-2.23.so
7fa7afffa000-7fa7b0000000 rw-p 00000000 00:00 0 
7fa7b0000000-7fa7b2394000 rw-p 00000000 00:00 0 
7fa7b2394000-7fa7b4000000 ---p 00000000 00:00 0 
7fa7b4000000-7fa7b40b8000 rw-p 00000000 00:00 0 
7fa7b40b8000-7fa7b40c3000 r-xp 00000000 08:01 1708661                    /lib/x86_64-linux-gnu/libnss_nis-2.23.so
7fa7b40c3000-7fa7b42c2000 ---p 0000b000 08:01 1708661                    /lib/x86_64-linux-gnu/libnss_nis-2.23.so
7fa7b42c2000-7fa7b42c3000 r--p 0000a000 08:01 1708661                    /lib/x86_64-linux-gnu/libnss_nis-2.23.so
7fa7b42c3000-7fa7b42c4000 rw-p 0000b000 08:01 1708661                    /lib/x86_64-linux-gnu/libnss_nis-2.23.so
7fa7b42c4000-7fa7b42da000 r-xp 00000000 08:01 1708644                    /lib/x86_64-linux-gnu/libnsl-2.23.so
7fa7b42da000-7fa7b44d9000 ---p 00016000 08:01 1708644                    /lib/x86_64-linux-gnu/libnsl-2.23.so
7fa7b44d9000-7fa7b44da000 r--p 00015000 08:01 1708644                    /lib/x86_64-linux-gnu/libnsl-2.23.so
7fa7b44da000-7fa7b44db000 rw-p 00016000 08:01 1708644                    /lib/x86_64-linux-gnu/libnsl-2.23.so
7fa7b44db000-7fa7b44dd000 rw-p 00000000 00:00 0 
7fa7b44dd000-7fa7b44e5000 r-xp 00000000 08:01 1708646                    /lib/x86_64-linux-gnu/libnss_compat-2.23.so
7fa7b44e5000-7fa7b46e4000 ---p 00008000 08:01 1708646                    /lib/x86_64-linux-gnu/libnss_compat-2.23.so
7fa7b46e4000-7fa7b46e5000 r--p 00007000 08:01 1708646                    /lib/x86_64-linux-gnu/libnss_compat-2.23.so
7fa7b46e5000-7fa7b46e6000 rw-p 00008000 08:01 1708646                    /lib/x86_64-linux-gnu/libnss_compat-2.23.so
7fa7b46e6000-7fa7b4711000 r-xp 00000000 08:01 3024442                    /usr/lib/jvm/java-8-oracle/jre/lib/amd64/libjava.so
7fa7b4711000-7fa7b4910000 ---p 0002b000 08:01 3024442                    /usr/lib/jvm/java-8-oracle/jre/lib/amd64/libjava.so
7fa7b4910000-7fa7b4912000 rw-p 0002a000 08:01 3024442                    /usr/lib/jvm/java-8-oracle/jre/lib/amd64/libjava.so
7fa7b4912000-7fa7b491f000 r-xp 00000000 08:01 3024447                    /usr/lib/jvm/java-8-oracle/jre/lib/amd64/libverify.so
7fa7b491f000-7fa7b4b1f000 ---p 0000d000 08:01 3024447                    /usr/lib/jvm/java-8-oracle/jre/lib/amd64/libverify.so
7fa7b4b1f000-7fa7b4b21000 rw-p 0000d000 08:01 3024447                    /usr/lib/jvm/java-8-oracle/jre/lib/amd64/libverify.so
7fa7b4b21000-7fa7b4b28000 r-xp 00000000 08:01 1708706                    /lib/x86_64-linux-gnu/librt-2.23.so
7fa7b4b28000-7fa7b4d27000 ---p 00007000 08:01 1708706                    /lib/x86_64-linux-gnu/librt-2.23.so
7fa7b4d27000-7fa7b4d28000 r--p 00006000 08:01 1708706                    /lib/x86_64-linux-gnu/librt-2.23.so
7fa7b4d28000-7fa7b4d29000 rw-p 00007000 08:01 1708706                    /lib/x86_64-linux-gnu/librt-2.23.so
7fa7b4d29000-7fa7b4e31000 r-xp 00000000 08:01 1708623                    /lib/x86_64-linux-gnu/libm-2.23.so
7fa7b4e31000-7fa7b5030000 ---p 00108000 08:01 1708623                    /lib/x86_64-linux-gnu/libm-2.23.so
7fa7b5030000-7fa7b5031000 r--p 00107000 08:01 1708623                    /lib/x86_64-linux-gnu/libm-2.23.so
7fa7b5031000-7fa7b5032000 rw-p 00108000 08:01 1708623                    /lib/x86_64-linux-gnu/libm-2.23.so
7fa7b5032000-7fa7b5d05000 r-xp 00000000 08:01 3024470                    /usr/lib/jvm/java-8-oracle/jre/lib/amd64/server/libjvm.so
7fa7b5d05000-7fa7b5f04000 ---p 00cd3000 08:01 3024470                    /usr/lib/jvm/java-8-oracle/jre/lib/amd64/server/libjvm.so
7fa7b5f04000-7fa7b5fde000 rw-p 00cd2000 08:01 3024470                    /usr/lib/jvm/java-8-oracle/jre/lib/amd64/server/libjvm.so
7fa7b5fde000-7fa7b6029000 rw-p 00000000 00:00 0 
7fa7b6029000-7fa7b61e9000 r-xp 00000000 08:01 1708555                    /lib/x86_64-linux-gnu/libc-2.23.so
7fa7b61e9000-7fa7b63e9000 ---p 001c0000 08:01 1708555                    /lib/x86_64-linux-gnu/libc-2.23.so
7fa7b63e9000-7fa7b63ed000 r--p 001c0000 08:01 1708555                    /lib/x86_64-linux-gnu/libc-2.23.so
7fa7b63ed000-7fa7b63ef000 rw-p 001c4000 08:01 1708555                    /lib/x86_64-linux-gnu/libc-2.23.so
7fa7b63ef000-7fa7b63f3000 rw-p 00000000 00:00 0 
7fa7b63f3000-7fa7b63f6000 r-xp 00000000 08:01 1708577                    /lib/x86_64-linux-gnu/libdl-2.23.so
7fa7b63f6000-7fa7b65f5000 ---p 00003000 08:01 1708577                    /lib/x86_64-linux-gnu/libdl-2.23.so
7fa7b65f5000-7fa7b65f6000 r--p 00002000 08:01 1708577                    /lib/x86_64-linux-gnu/libdl-2.23.so
7fa7b65f6000-7fa7b65f7000 rw-p 00003000 08:01 1708577                    /lib/x86_64-linux-gnu/libdl-2.23.so
7fa7b65f7000-7fa7b660d000 r-xp 00000000 08:01 3024263                    /usr/lib/jvm/java-8-oracle/lib/amd64/jli/libjli.so
7fa7b660d000-7fa7b680c000 ---p 00016000 08:01 3024263                    /usr/lib/jvm/java-8-oracle/lib/amd64/jli/libjli.so
7fa7b680c000-7fa7b680d000 rw-p 00015000 08:01 3024263                    /usr/lib/jvm/java-8-oracle/lib/amd64/jli/libjli.so
7fa7b680d000-7fa7b6825000 r-xp 00000000 08:01 1708698                    /lib/x86_64-linux-gnu/libpthread-2.23.so
7fa7b6825000-7fa7b6a24000 ---p 00018000 08:01 1708698                    /lib/x86_64-linux-gnu/libpthread-2.23.so
7fa7b6a24000-7fa7b6a25000 r--p 00017000 08:01 1708698                    /lib/x86_64-linux-gnu/libpthread-2.23.so
7fa7b6a25000-7fa7b6a26000 rw-p 00018000 08:01 1708698                    /lib/x86_64-linux-gnu/libpthread-2.23.so
7fa7b6a26000-7fa7b6a2a000 rw-p 00000000 00:00 0 
7fa7b6a2a000-7fa7b6a50000 r-xp 00000000 08:01 1708527                    /lib/x86_64-linux-gnu/ld-2.23.so
7fa7b6a50000-7fa7b6a51000 r--s 00000000 08:01 4215886                    /home/rin/.gradle/wrapper/dists/gradle-2.14.1-all/8bnwg5hd3w55iofp58khbp6yv/gradle-2.14.1/lib/javax.inject-1.jar
7fa7b6a51000-7fa7b6a52000 r--s 00000000 08:01 4215885                    /home/rin/.gradle/wrapper/dists/gradle-2.14.1-all/8bnwg5hd3w55iofp58khbp6yv/gradle-2.14.1/lib/jcip-annotations-1.0.jar
7fa7b6a52000-7fa7b6a53000 r--s 00001000 08:01 4215877                    /home/rin/.gradle/wrapper/dists/gradle-2.14.1-all/8bnwg5hd3w55iofp58khbp6yv/gradle-2.14.1/lib/gradle-process-services-2.14.1.jar
7fa7b6a53000-7fa7b6a54000 r--s 00000000 08:01 4215868                    /home/rin/.gradle/wrapper/dists/gradle-2.14.1-all/8bnwg5hd3w55iofp58khbp6yv/gradle-2.14.1/lib/gradle-jvm-services-2.14.1.jar
7fa7b6a54000-7fa7b6b2d000 rw-p 00000000 00:00 0 
7fa7b6b2d000-7fa7b6b30000 ---p 00000000 00:00 0 
7fa7b6b30000-7fa7b6c32000 rw-p 00000000 00:00 0 
7fa7b6c32000-7fa7b6c33000 r--s 00007000 08:01 4215874                    /home/rin/.gradle/wrapper/dists/gradle-2.14.1-all/8bnwg5hd3w55iofp58khbp6yv/gradle-2.14.1/lib/slf4j-api-1.7.10.jar
7fa7b6c33000-7fa7b6c34000 r--s 00004000 08:01 4215898                    /home/rin/.gradle/wrapper/dists/gradle-2.14.1-all/8bnwg5hd3w55iofp58khbp6yv/gradle-2.14.1/lib/ant-launcher-1.9.6.jar
7fa7b6c34000-7fa7b6c3c000 r--s 0003a000 08:01 4215867                    /home/rin/.gradle/wrapper/dists/gradle-2.14.1-all/8bnwg5hd3w55iofp58khbp6yv/gradle-2.14.1/lib/gradle-base-services-2.14.1.jar
7fa7b6c3c000-7fa7b6c41000 r--s 0009a000 08:01 3024399                    /usr/lib/jvm/java-8-oracle/jre/lib/jsse.jar
7fa7b6c41000-7fa7b6c43000 r--s 0000b000 08:01 6438671                    /var/www/html/Projek/Treasure/android/gradle/wrapper/gradle-wrapper.jar
7fa7b6c43000-7fa7b6c4b000 rw-s 00000000 08:01 3155848                    /tmp/hsperfdata_rin/19882
7fa7b6c4b000-7fa7b6c4c000 rw-p 00000000 00:00 0 
7fa7b6c4c000-7fa7b6c4d000 ---p 00000000 00:00 0 
7fa7b6c4d000-7fa7b6c4f000 rw-p 00000000 00:00 0 
7fa7b6c4f000-7fa7b6c50000 r--p 00025000 08:01 1708527                    /lib/x86_64-linux-gnu/ld-2.23.so
7fa7b6c50000-7fa7b6c51000 rw-p 00026000 08:01 1708527                    /lib/x86_64-linux-gnu/ld-2.23.so
7fa7b6c51000-7fa7b6c52000 rw-p 00000000 00:00 0 
7fffa4e70000-7fffa4e92000 rw-p 00000000 00:00 0                          [stack]
7fffa4eb1000-7fffa4eb3000 r--p 00000000 00:00 0                          [vvar]
7fffa4eb3000-7fffa4eb5000 r-xp 00000000 00:00 0                          [vdso]
ffffffffff600000-ffffffffff601000 r-xp 00000000 00:00 0                  [vsyscall]

VM Arguments:
jvm_args: -Dorg.gradle.appname=gradlew 
java_command: org.gradle.wrapper.GradleWrapperMain assembleRelease
java_class_path (initial): /var/www/html/Projek/Treasure/android/gradle/wrapper/gradle-wrapper.jar
Launcher Type: SUN_STANDARD

Environment Variables:
JAVA_HOME=/usr/lib/jvm/java-8-oracle
PATH=/home/rin/.nvm/versions/node/v6.12.0/bin:/home/rin/bin:/home/rin/.local/bin:/home/rin/bin:/home/rin/.local/bin:/usr/local/sbin:/usr/local/bin:/usr/sbin:/usr/bin:/sbin:/bin:/usr/games:/usr/local/games:/snap/bin:/usr/lib/jvm/java-8-oracle/bin:/usr/lib/jvm/java-8-oracle/db/bin:/usr/lib/jvm/java-8-oracle/jre/bin:/usr/lib/jvm/java-8-oracle/bin:/usr/lib/jvm/java-8-oracle/db/bin:/usr/lib/jvm/java-8-oracle/jre/bin:/home/rin/Android/Sdk/Tools:/home/rin/Android/Sdk/platform-Tools:/home/rin/Android/Sdk/Tools:/home/rin/Android/Sdk/platform-Tools
USERNAME=rin
SHELL=/bin/bash
DISPLAY=:1

Signal Handlers:
SIGSEGV: [libjvm.so+0xacbe10], sa_mask[0]=11111111011111111101111111111110, sa_flags=SA_RESTART|SA_SIGINFO
SIGBUS: [libjvm.so+0xacbe10], sa_mask[0]=11111111011111111101111111111110, sa_flags=SA_RESTART|SA_SIGINFO
SIGFPE: [libjvm.so+0x924f90], sa_mask[0]=11111111011111111101111111111110, sa_flags=SA_RESTART|SA_SIGINFO
SIGPIPE: [libjvm.so+0x924f90], sa_mask[0]=11111111011111111101111111111110, sa_flags=SA_RESTART|SA_SIGINFO
SIGXFSZ: [libjvm.so+0x924f90], sa_mask[0]=11111111011111111101111111111110, sa_flags=SA_RESTART|SA_SIGINFO
SIGILL: [libjvm.so+0x924f90], sa_mask[0]=11111111011111111101111111111110, sa_flags=SA_RESTART|SA_SIGINFO
SIGUSR1: SIG_DFL, sa_mask[0]=00000000000000000000000000000000, sa_flags=none
SIGUSR2: [libjvm.so+0x9267d0], sa_mask[0]=00000000000000000000000000000000, sa_flags=SA_RESTART|SA_SIGINFO
SIGHUP: [libjvm.so+0x927bd0], sa_mask[0]=11111111011111111101111111111110, sa_flags=SA_RESTART|SA_SIGINFO
SIGINT: [libjvm.so+0x927bd0], sa_mask[0]=11111111011111111101111111111110, sa_flags=SA_RESTART|SA_SIGINFO
SIGTERM: [libjvm.so+0x927bd0], sa_mask[0]=11111111011111111101111111111110, sa_flags=SA_RESTART|SA_SIGINFO
SIGQUIT: [libjvm.so+0x927bd0], sa_mask[0]=11111111011111111101111111111110, sa_flags=SA_RESTART|SA_SIGINFO


---------------  S Y S T E M  ---------------

OS:DISTRIB_ID=Ubuntu
DISTRIB_RELEASE=16.04
DISTRIB_CODENAME=xenial
DISTRIB_DESCRIPTION="Ubuntu 16.04.3 LTS"

uname:Linux 4.10.0-42-generic #46~16.04.1-Ubuntu SMP Mon Dec 4 15:57:59 UTC 2017 x86_64
libc:glibc 2.23 NPTL 2.23 
rlimit: STACK 8192k, CORE 0k, NPROC 15397, NOFILE 1048576, AS infinity
load average:45,15 22,66 9,87

/proc/meminfo:
MemTotal:        3986300 kB
MemFree:          372468 kB
MemAvailable:     324564 kB
Buffers:            3060 kB
Cached:           428508 kB
SwapCached:         1460 kB
Active:          1828156 kB
Inactive:         583388 kB
Active(anon):    1811724 kB
Inactive(anon):   496560 kB
Active(file):      16432 kB
Inactive(file):    86828 kB
Unevictable:         236 kB
Mlocked:             236 kB
SwapTotal:       4134908 kB
SwapFree:         512240 kB
Dirty:                 4 kB
Writeback:           804 kB
AnonPages:       1979820 kB
Mapped:           966816 kB
Shmem:            327552 kB
Slab:             108052 kB
SReclaimable:      41236 kB
SUnreclaim:        66816 kB
KernelStack:       20096 kB
PageTables:        96448 kB
NFS_Unstable:          0 kB
Bounce:                0 kB
WritebackTmp:          0 kB
CommitLimit:     6128056 kB
Committed_AS:   17652140 kB
VmallocTotal:   34359738367 kB
VmallocUsed:           0 kB
VmallocChunk:          0 kB
HardwareCorrupted:     0 kB
AnonHugePages:     34816 kB
ShmemHugePages:        0 kB
ShmemPmdMapped:        0 kB
CmaTotal:              0 kB
CmaFree:               0 kB
HugePages_Total:       0
HugePages_Free:        0
HugePages_Rsvd:        0
HugePages_Surp:        0
Hugepagesize:       2048 kB
DirectMap4k:      422144 kB
DirectMap2M:     3715072 kB


CPU:total 4 (initial active 4) (2 cores per cpu, 2 threads per core) family 6 model 42 stepping 7, cmov, cx8, fxsr, mmx, sse, sse2, sse3, ssse3, sse4.1, sse4.2, popcnt, avx, clmul, ht, tsc, tscinvbit

/proc/cpuinfo:
processor	: 0
vendor_id	: GenuineIntel
cpu family	: 6
model		: 42
model name	: Intel(R) Core(TM) i3-2350M CPU @ 2.30GHz
stepping	: 7
microcode	: 0x25
cpu MHz		: 1999.865
cache size	: 3072 KB
physical id	: 0
siblings	: 4
core id		: 0
cpu cores	: 2
apicid		: 0
initial apicid	: 0
fpu		: yes
fpu_exception	: yes
cpuid level	: 13
wp		: yes
flags		: fpu vme de pse tsc msr pae mce cx8 apic sep mtrr pge mca cmov pat pse36 clflush dts acpi mmx fxsr sse sse2 ss ht tm pbe syscall nx rdtscp lm constant_tsc arch_perfmon pebs bts rep_good nopl xtopology nonstop_tsc aperfmperf pni pclmulqdq dtes64 monitor ds_cpl vmx est tm2 ssse3 cx16 xtpr pdcm pcid sse4_1 sse4_2 x2apic popcnt tsc_deadline_timer xsave avx lahf_lm epb tpr_shadow vnmi flexpriority ept vpid xsaveopt dtherm arat pln pts
bugs		:
bogomips	: 4589.45
clflush size	: 64
cache_alignment	: 64
address sizes	: 36 bits physical, 48 bits virtual
power management:

processor	: 1
vendor_id	: GenuineIntel
cpu family	: 6
model		: 42
model name	: Intel(R) Core(TM) i3-2350M CPU @ 2.30GHz
stepping	: 7
microcode	: 0x25
cpu MHz		: 1999.865
cache size	: 3072 KB
physical id	: 0
siblings	: 4
core id		: 0
cpu cores	: 2
apicid		: 1
initial apicid	: 1
fpu		: yes
fpu_exception	: yes
cpuid level	: 13
wp		: yes
flags		: fpu vme de pse tsc msr pae mce cx8 apic sep mtrr pge mca cmov pat pse36 clflush dts acpi mmx fxsr sse sse2 ss ht tm pbe syscall nx rdtscp lm constant_tsc arch_perfmon pebs bts rep_good nopl xtopology nonstop_tsc aperfmperf pni pclmulqdq dtes64 monitor ds_cpl vmx est tm2 ssse3 cx16 xtpr pdcm pcid sse4_1 sse4_2 x2apic popcnt tsc_deadline_timer xsave avx lahf_lm epb tpr_shadow vnmi flexpriority ept vpid xsaveopt dtherm arat pln pts
bugs		:
bogomips	: 4589.45
clflush size	: 64
cache_alignment	: 64
address sizes	: 36 bits physical, 48 bits virtual
power management:

processor	: 2
vendor_id	: GenuineIntel
cpu family	: 6
model		: 42
model name	: Intel(R) Core(TM) i3-2350M CPU @ 2.30GHz
stepping	: 7
microcode	: 0x25
cpu MHz		: 1999.865
cache size	: 3072 KB
physical id	: 0
siblings	: 4
core id		: 1
cpu cores	: 2
apicid		: 2
initial apicid	: 2
fpu		: yes
fpu_exception	: yes
cpuid level	: 13
wp		: yes
flags		: fpu vme de pse tsc msr pae mce cx8 apic sep mtrr pge mca cmov pat pse36 clflush dts acpi mmx fxsr sse sse2 ss ht tm pbe syscall nx rdtscp lm constant_tsc arch_perfmon pebs bts rep_good nopl xtopology nonstop_tsc aperfmperf pni pclmulqdq dtes64 monitor ds_cpl vmx est tm2 ssse3 cx16 xtpr pdcm pcid sse4_1 sse4_2 x2apic popcnt tsc_deadline_timer xsave avx lahf_lm epb tpr_shadow vnmi flexpriority ept vpid xsaveopt dtherm arat pln pts
bugs		:
bogomips	: 4589.45
clflush size	: 64
cache_alignment	: 64
address sizes	: 36 bits physical, 48 bits virtual
power management:

processor	: 3
vendor_id	: GenuineIntel
cpu family	: 6
model		: 42
model name	: Intel(R) Core(TM) i3-2350M CPU @ 2.30GHz
stepping	: 7
microcode	: 0x25
cpu MHz		: 1999.865
cache size	: 3072 KB
physical id	: 0
siblings	: 4
core id		: 1
cpu cores	: 2
apicid		: 3
initial apicid	: 3
fpu		: yes
fpu_exception	: yes
cpuid level	: 13
wp		: yes
flags		: fpu vme de pse tsc msr pae mce cx8 apic sep mtrr pge mca cmov pat pse36 clflush dts acpi mmx fxsr sse sse2 ss ht tm pbe syscall nx rdtscp lm constant_tsc arch_perfmon pebs bts rep_good nopl xtopology nonstop_tsc aperfmperf pni pclmulqdq dtes64 monitor ds_cpl vmx est tm2 ssse3 cx16 xtpr pdcm pcid sse4_1 sse4_2 x2apic popcnt tsc_deadline_timer xsave avx lahf_lm epb tpr_shadow vnmi flexpriority ept vpid xsaveopt dtherm arat pln pts
bugs		:
bogomips	: 4589.45
clflush size	: 64
cache_alignment	: 64
address sizes	: 36 bits physical, 48 bits virtual
power management:



Memory: 4k page, physical 3986300k(371972k free), swap 4134908k(512260k free)

vm_info: Java HotSpot(TM) 64-Bit Server VM (25.151-b12) for linux-amd64 JRE (1.8.0_151-b12), built on Sep  5 2017 19:20:58 by "java_re" with gcc 4.3.0 20080428 (Red Hat 4.3.0-8)

time: Mon Dec 18 20:55:21 2017
elapsed time: 270 seconds (0d 0h 4m 30s)

